Using pre-set license
Built from '2020.3/staging' branch; Version is '2020.3.10f1 (297d780c91bc) revision 2719096'; Using compiler version '192528614'; Build Type 'Release'
OS: 'Windows 10 Home; OS build 19043.1165; Version 2009; 64bit' Language: 'de' Physical Memory: 32714 MB
BatchMode: 1, IsHumanControllingUs: 0, StartBugReporterOnCrash: 0, Is64bit: 1, IsPro: 0

 COMMAND LINE ARGUMENTS:
C:\Program Files\Unity\Hub\Editor\2020.3.10f1\Editor\Unity.exe
-adb2
-batchMode
-noUpm
-name
AssetImportWorker0
-projectPath
F:/TowerDefenseSurvival/TowerDefense
-logFile
Logs/AssetImportWorker0.log
-srvPort
59595
Successfully changed project path to: F:/TowerDefenseSurvival/TowerDefense
F:/TowerDefenseSurvival/TowerDefense
Using Asset Import Pipeline V2.
Refreshing native plugins compatible for Editor in 35.80 ms, found 3 plugins.
Preloading 0 native plugins for Editor in 0.00 ms.
Initialize engine version: 2020.3.10f1 (297d780c91bc)
[Subsystems] Discovering subsystems at path C:/Program Files/Unity/Hub/Editor/2020.3.10f1/Editor/Data/Resources/UnitySubsystems
[Subsystems] Discovering subsystems at path F:/TowerDefenseSurvival/TowerDefense/Assets
GfxDevice: creating device client; threaded=0
Direct3D:
    Version:  Direct3D 11.0 [level 11.1]
    Renderer: NVIDIA GeForce GTX 1060 3GB (ID=0x1c02)
    Vendor:   
    VRAM:     2988 MB
    Driver:   27.21.14.6660
Initialize mono
Mono path[0] = 'C:/Program Files/Unity/Hub/Editor/2020.3.10f1/Editor/Data/Managed'
Mono path[1] = 'C:/Program Files/Unity/Hub/Editor/2020.3.10f1/Editor/Data/MonoBleedingEdge/lib/mono/unityjit'
Mono config path = 'C:/Program Files/Unity/Hub/Editor/2020.3.10f1/Editor/Data/MonoBleedingEdge/etc'
Using monoOptions --debugger-agent=transport=dt_socket,embedding=1,server=y,suspend=n,address=127.0.0.1:56560
Begin MonoManager ReloadAssembly
Registering precompiled unity dll's ...
Register platform support module: C:/Program Files/Unity/Hub/Editor/2020.3.10f1/Editor/Data/PlaybackEngines/WindowsStandaloneSupport/UnityEditor.WindowsStandalone.Extensions.dll
Registered in 0.001515 seconds.
Native extension for WindowsStandalone target not found
Refreshing native plugins compatible for Editor in 29.10 ms, found 3 plugins.
Preloading 0 native plugins for Editor in 0.00 ms.
Mono: successfully reloaded assembly
- Completed reload, in  0.771 seconds
Platform modules already initialized, skipping
Registering precompiled user dll's ...
Registered in 0.001937 seconds.
Begin MonoManager ReloadAssembly
Native extension for WindowsStandalone target not found
Refreshing native plugins compatible for Editor in 28.78 ms, found 3 plugins.
Preloading 0 native plugins for Editor in 0.00 ms.
Mono: successfully reloaded assembly
- Completed reload, in  0.746 seconds
Platform modules already initialized, skipping
========================================================================
Worker process is ready to serve import requests
Launched and connected shader compiler UnityShaderCompiler.exe after 0.03 seconds
Refreshing native plugins compatible for Editor in 0.70 ms, found 3 plugins.
Preloading 0 native plugins for Editor in 0.00 ms.
Unloading 2255 Unused Serialized files (Serialized files now loaded: 0)
System memory in use before: 100.3 MB.
System memory in use after: 100.2 MB.

Unloading 34 unused Assets to reduce memory usage. Loaded Objects now: 2690.
Total: 2.064500 ms (FindLiveObjects: 0.163000 ms CreateObjectMapping: 0.043400 ms MarkObjects: 1.750500 ms  DeleteObjects: 0.107000 ms)

========================================================================
Received Import Request.
  path: Assets/Prefabs/Crate.prefab
  artifactKey: Guid(8b612c9fcfc6a0146a1631d735bfbf90) Importer(815301076,1909f56bfc062723c751e8b465ee728b)
Start importing Assets/Prefabs/Crate.prefab using Guid(8b612c9fcfc6a0146a1631d735bfbf90) Importer(815301076,1909f56bfc062723c751e8b465ee728b)  -> (artifact id: '33cfe61c15b5a4c1975caffd50b2c5de') in 0.077447 seconds
  Import took 0.080485 seconds .

========================================================================
Received Prepare
Registering precompiled user dll's ...
Registered in 0.001896 seconds.
Begin MonoManager ReloadAssembly
Native extension for WindowsStandalone target not found
Refreshing native plugins compatible for Editor in 0.41 ms, found 3 plugins.
Preloading 0 native plugins for Editor in 0.00 ms.
Mono: successfully reloaded assembly
- Completed reload, in  0.668 seconds
Platform modules already initialized, skipping
Refreshing native plugins compatible for Editor in 0.43 ms, found 3 plugins.
Preloading 0 native plugins for Editor in 0.00 ms.
Unloading 2235 Unused Serialized files (Serialized files now loaded: 0)
System memory in use before: 101.9 MB.
System memory in use after: 101.9 MB.

Unloading 22 unused Assets to reduce memory usage. Loaded Objects now: 2701.
Total: 1.780300 ms (FindLiveObjects: 0.168100 ms CreateObjectMapping: 0.052100 ms MarkObjects: 1.477500 ms  DeleteObjects: 0.081800 ms)

========================================================================
Received Prepare
Registering precompiled user dll's ...
Registered in 0.001818 seconds.
Begin MonoManager ReloadAssembly
Native extension for WindowsStandalone target not found
Refreshing native plugins compatible for Editor in 0.42 ms, found 3 plugins.
Preloading 0 native plugins for Editor in 0.00 ms.
Mono: successfully reloaded assembly
- Completed reload, in  0.685 seconds
Platform modules already initialized, skipping
Refreshing native plugins compatible for Editor in 0.40 ms, found 3 plugins.
Preloading 0 native plugins for Editor in 0.00 ms.
Unloading 2235 Unused Serialized files (Serialized files now loaded: 0)
System memory in use before: 101.9 MB.
System memory in use after: 101.9 MB.

Unloading 22 unused Assets to reduce memory usage. Loaded Objects now: 2705.
Total: 1.777300 ms (FindLiveObjects: 0.137000 ms CreateObjectMapping: 0.056100 ms MarkObjects: 1.498000 ms  DeleteObjects: 0.085300 ms)

========================================================================
Received Prepare
Registering precompiled user dll's ...
Registered in 0.001823 seconds.
Begin MonoManager ReloadAssembly
Native extension for WindowsStandalone target not found
Refreshing native plugins compatible for Editor in 0.41 ms, found 3 plugins.
Preloading 0 native plugins for Editor in 0.00 ms.
Mono: successfully reloaded assembly
- Completed reload, in  0.668 seconds
Platform modules already initialized, skipping
Refreshing native plugins compatible for Editor in 0.40 ms, found 3 plugins.
Preloading 0 native plugins for Editor in 0.00 ms.
Unloading 2235 Unused Serialized files (Serialized files now loaded: 0)
System memory in use before: 102.1 MB.
System memory in use after: 102.0 MB.

Unloading 22 unused Assets to reduce memory usage. Loaded Objects now: 2709.
Total: 1.742900 ms (FindLiveObjects: 0.155200 ms CreateObjectMapping: 0.042500 ms MarkObjects: 1.465400 ms  DeleteObjects: 0.079100 ms)

========================================================================
Received Prepare
Registering precompiled user dll's ...
Registered in 0.001789 seconds.
Begin MonoManager ReloadAssembly
Native extension for WindowsStandalone target not found
Refreshing native plugins compatible for Editor in 0.44 ms, found 3 plugins.
Preloading 0 native plugins for Editor in 0.00 ms.
Mono: successfully reloaded assembly
- Completed reload, in  0.670 seconds
Platform modules already initialized, skipping
Refreshing native plugins compatible for Editor in 0.42 ms, found 3 plugins.
Preloading 0 native plugins for Editor in 0.00 ms.
Unloading 2235 Unused Serialized files (Serialized files now loaded: 0)
System memory in use before: 102.1 MB.
System memory in use after: 102.1 MB.

Unloading 22 unused Assets to reduce memory usage. Loaded Objects now: 2713.
Total: 1.730200 ms (FindLiveObjects: 0.140800 ms CreateObjectMapping: 0.051300 ms MarkObjects: 1.455400 ms  DeleteObjects: 0.082200 ms)

========================================================================
Received Prepare
Registering precompiled user dll's ...
Registered in 0.001835 seconds.
Begin MonoManager ReloadAssembly
Native extension for WindowsStandalone target not found
Refreshing native plugins compatible for Editor in 0.42 ms, found 3 plugins.
Preloading 0 native plugins for Editor in 0.00 ms.
Mono: successfully reloaded assembly
- Completed reload, in  0.677 seconds
Platform modules already initialized, skipping
Refreshing native plugins compatible for Editor in 0.40 ms, found 3 plugins.
Preloading 0 native plugins for Editor in 0.00 ms.
Unloading 2235 Unused Serialized files (Serialized files now loaded: 0)
System memory in use before: 102.0 MB.
System memory in use after: 102.1 MB.

Unloading 22 unused Assets to reduce memory usage. Loaded Objects now: 2717.
Total: 2.063300 ms (FindLiveObjects: 0.186600 ms CreateObjectMapping: 0.083200 ms MarkObjects: 1.716100 ms  DeleteObjects: 0.076800 ms)

========================================================================
Received Prepare
Registering precompiled user dll's ...
Registered in 0.001811 seconds.
Begin MonoManager ReloadAssembly
Native extension for WindowsStandalone target not found
Refreshing native plugins compatible for Editor in 0.42 ms, found 3 plugins.
Preloading 0 native plugins for Editor in 0.00 ms.
Mono: successfully reloaded assembly
- Completed reload, in  0.686 seconds
Platform modules already initialized, skipping
Refreshing native plugins compatible for Editor in 0.41 ms, found 3 plugins.
Preloading 0 native plugins for Editor in 0.00 ms.
Unloading 2235 Unused Serialized files (Serialized files now loaded: 0)
System memory in use before: 102.1 MB.
System memory in use after: 102.2 MB.

Unloading 22 unused Assets to reduce memory usage. Loaded Objects now: 2721.
Total: 2.066000 ms (FindLiveObjects: 0.195000 ms CreateObjectMapping: 0.068200 ms MarkObjects: 1.725300 ms  DeleteObjects: 0.076800 ms)

========================================================================
Received Import Request.
  Time since last request: 631.380045 seconds.
  path: ProjectSettings/TagManager.asset
  artifactKey: Guid(00000000000000003000000000000000) Importer(815301076,1909f56bfc062723c751e8b465ee728b)
Start importing ProjectSettings/TagManager.asset using Guid(00000000000000003000000000000000) Importer(815301076,1909f56bfc062723c751e8b465ee728b)  -> (artifact id: '68ca21cd9103e52abba3d8f2acdbe65c') in 0.015852 seconds
  Import took 0.018799 seconds .

========================================================================
Received Prepare
Registering precompiled user dll's ...
Registered in 0.001868 seconds.
Begin MonoManager ReloadAssembly
Native extension for WindowsStandalone target not found
Refreshing native plugins compatible for Editor in 0.43 ms, found 3 plugins.
Preloading 0 native plugins for Editor in 0.00 ms.
Mono: successfully reloaded assembly
- Completed reload, in  0.670 seconds
Platform modules already initialized, skipping
Refreshing native plugins compatible for Editor in 0.39 ms, found 3 plugins.
Preloading 0 native plugins for Editor in 0.00 ms.
Unloading 2235 Unused Serialized files (Serialized files now loaded: 0)
System memory in use before: 102.1 MB.
System memory in use after: 102.2 MB.

Unloading 23 unused Assets to reduce memory usage. Loaded Objects now: 2725.
Total: 2.088300 ms (FindLiveObjects: 0.168200 ms CreateObjectMapping: 0.063800 ms MarkObjects: 1.778400 ms  DeleteObjects: 0.077300 ms)

========================================================================
Received Prepare
Registering precompiled user dll's ...
Registered in 0.001834 seconds.
Begin MonoManager ReloadAssembly
Native extension for WindowsStandalone target not found
Refreshing native plugins compatible for Editor in 0.42 ms, found 3 plugins.
Preloading 0 native plugins for Editor in 0.00 ms.
Mono: successfully reloaded assembly
- Completed reload, in  0.675 seconds
Platform modules already initialized, skipping
Refreshing native plugins compatible for Editor in 0.41 ms, found 3 plugins.
Preloading 0 native plugins for Editor in 0.00 ms.
Unloading 2235 Unused Serialized files (Serialized files now loaded: 0)
System memory in use before: 102.1 MB.
System memory in use after: 102.2 MB.

Unloading 22 unused Assets to reduce memory usage. Loaded Objects now: 2729.
Total: 1.749400 ms (FindLiveObjects: 0.145800 ms CreateObjectMapping: 0.046000 ms MarkObjects: 1.475100 ms  DeleteObjects: 0.082000 ms)

========================================================================
Received Prepare
Registering precompiled user dll's ...
Registered in 0.002241 seconds.
Begin MonoManager ReloadAssembly
Native extension for WindowsStandalone target not found
Refreshing native plugins compatible for Editor in 0.42 ms, found 3 plugins.
Preloading 0 native plugins for Editor in 0.00 ms.
Mono: successfully reloaded assembly
- Completed reload, in  0.675 seconds
Platform modules already initialized, skipping
Refreshing native plugins compatible for Editor in 0.39 ms, found 3 plugins.
Preloading 0 native plugins for Editor in 0.00 ms.
Unloading 2235 Unused Serialized files (Serialized files now loaded: 0)
System memory in use before: 102.1 MB.
System memory in use after: 102.2 MB.

Unloading 22 unused Assets to reduce memory usage. Loaded Objects now: 2733.
Total: 1.993100 ms (FindLiveObjects: 0.193200 ms CreateObjectMapping: 0.070100 ms MarkObjects: 1.654000 ms  DeleteObjects: 0.075300 ms)

========================================================================
Received Prepare
Registering precompiled user dll's ...
Registered in 0.001764 seconds.
Begin MonoManager ReloadAssembly
Native extension for WindowsStandalone target not found
Refreshing native plugins compatible for Editor in 0.42 ms, found 3 plugins.
Preloading 0 native plugins for Editor in 0.00 ms.
Mono: successfully reloaded assembly
- Completed reload, in  0.657 seconds
Platform modules already initialized, skipping
Refreshing native plugins compatible for Editor in 0.48 ms, found 3 plugins.
Preloading 0 native plugins for Editor in 0.00 ms.
Unloading 2235 Unused Serialized files (Serialized files now loaded: 0)
System memory in use before: 102.0 MB.
System memory in use after: 102.1 MB.

Unloading 22 unused Assets to reduce memory usage. Loaded Objects now: 2737.
Total: 1.925000 ms (FindLiveObjects: 0.161200 ms CreateObjectMapping: 0.054400 ms MarkObjects: 1.627200 ms  DeleteObjects: 0.081300 ms)

========================================================================
Received Prepare
Registering precompiled user dll's ...
Registered in 0.002090 seconds.
Begin MonoManager ReloadAssembly
Native extension for WindowsStandalone target not found
Refreshing native plugins compatible for Editor in 0.42 ms, found 3 plugins.
Preloading 0 native plugins for Editor in 0.00 ms.
Mono: successfully reloaded assembly
- Completed reload, in  0.668 seconds
Platform modules already initialized, skipping
Refreshing native plugins compatible for Editor in 0.43 ms, found 3 plugins.
Preloading 0 native plugins for Editor in 0.00 ms.
Unloading 2235 Unused Serialized files (Serialized files now loaded: 0)
System memory in use before: 102.1 MB.
System memory in use after: 102.2 MB.

Unloading 22 unused Assets to reduce memory usage. Loaded Objects now: 2741.
Total: 1.807700 ms (FindLiveObjects: 0.206300 ms CreateObjectMapping: 0.064700 ms MarkObjects: 1.457200 ms  DeleteObjects: 0.079000 ms)

========================================================================
Received Prepare
Registering precompiled user dll's ...
Registered in 0.001914 seconds.
Begin MonoManager ReloadAssembly
Native extension for WindowsStandalone target not found
Refreshing native plugins compatible for Editor in 0.42 ms, found 3 plugins.
Preloading 0 native plugins for Editor in 0.00 ms.
Mono: successfully reloaded assembly
- Completed reload, in  0.669 seconds
Platform modules already initialized, skipping
Refreshing native plugins compatible for Editor in 0.42 ms, found 3 plugins.
Preloading 0 native plugins for Editor in 0.00 ms.
Unloading 2235 Unused Serialized files (Serialized files now loaded: 0)
System memory in use before: 102.1 MB.
System memory in use after: 102.2 MB.

Unloading 22 unused Assets to reduce memory usage. Loaded Objects now: 2745.
Total: 1.749200 ms (FindLiveObjects: 0.149300 ms CreateObjectMapping: 0.045300 ms MarkObjects: 1.470800 ms  DeleteObjects: 0.082800 ms)

========================================================================
Received Import Request.
  Time since last request: 315.735711 seconds.
  path: Assets/Prefabs/Crate.prefab
  artifactKey: Guid(8b612c9fcfc6a0146a1631d735bfbf90) Importer(815301076,1909f56bfc062723c751e8b465ee728b)
Start importing Assets/Prefabs/Crate.prefab using Guid(8b612c9fcfc6a0146a1631d735bfbf90) Importer(815301076,1909f56bfc062723c751e8b465ee728b)  -> (artifact id: 'c14583af472aee359b61748f6d7ff6ac') in 0.042862 seconds
  Import took 0.046001 seconds .

========================================================================
Received Prepare
Registering precompiled user dll's ...
Registered in 0.001815 seconds.
Begin MonoManager ReloadAssembly
Native extension for WindowsStandalone target not found
Refreshing native plugins compatible for Editor in 0.41 ms, found 3 plugins.
Preloading 0 native plugins for Editor in 0.00 ms.
Mono: successfully reloaded assembly
- Completed reload, in  0.655 seconds
Platform modules already initialized, skipping
Refreshing native plugins compatible for Editor in 0.44 ms, found 3 plugins.
Preloading 0 native plugins for Editor in 0.00 ms.
Unloading 2235 Unused Serialized files (Serialized files now loaded: 0)
System memory in use before: 102.2 MB.
System memory in use after: 102.2 MB.

Unloading 22 unused Assets to reduce memory usage. Loaded Objects now: 2750.
Total: 1.721300 ms (FindLiveObjects: 0.156500 ms CreateObjectMapping: 0.045800 ms MarkObjects: 1.438700 ms  DeleteObjects: 0.079800 ms)

========================================================================
Received Prepare
Registering precompiled user dll's ...
Registered in 0.001796 seconds.
Begin MonoManager ReloadAssembly
Native extension for WindowsStandalone target not found
Refreshing native plugins compatible for Editor in 0.41 ms, found 3 plugins.
Preloading 0 native plugins for Editor in 0.00 ms.
Mono: successfully reloaded assembly
- Completed reload, in  0.653 seconds
Platform modules already initialized, skipping
Refreshing native plugins compatible for Editor in 0.40 ms, found 3 plugins.
Preloading 0 native plugins for Editor in 0.00 ms.
Unloading 2235 Unused Serialized files (Serialized files now loaded: 0)
System memory in use before: 102.2 MB.
System memory in use after: 102.2 MB.

Unloading 22 unused Assets to reduce memory usage. Loaded Objects now: 2754.
Total: 2.073100 ms (FindLiveObjects: 0.191800 ms CreateObjectMapping: 0.071100 ms MarkObjects: 1.734100 ms  DeleteObjects: 0.075600 ms)

========================================================================
Received Prepare
Registering precompiled user dll's ...
Registered in 0.001874 seconds.
Begin MonoManager ReloadAssembly
Native extension for WindowsStandalone target not found
Refreshing native plugins compatible for Editor in 0.42 ms, found 3 plugins.
Preloading 0 native plugins for Editor in 0.00 ms.
Mono: successfully reloaded assembly
- Completed reload, in  0.666 seconds
Platform modules already initialized, skipping
Refreshing native plugins compatible for Editor in 0.40 ms, found 3 plugins.
Preloading 0 native plugins for Editor in 0.00 ms.
Unloading 2235 Unused Serialized files (Serialized files now loaded: 0)
System memory in use before: 102.1 MB.
System memory in use after: 102.2 MB.

Unloading 22 unused Assets to reduce memory usage. Loaded Objects now: 2758.
Total: 1.920400 ms (FindLiveObjects: 0.180000 ms CreateObjectMapping: 0.054100 ms MarkObjects: 1.605900 ms  DeleteObjects: 0.079700 ms)

========================================================================
Received Prepare
Registering precompiled user dll's ...
Registered in 0.001945 seconds.
Begin MonoManager ReloadAssembly
Native extension for WindowsStandalone target not found
Refreshing native plugins compatible for Editor in 0.41 ms, found 3 plugins.
Preloading 0 native plugins for Editor in 0.00 ms.
Mono: successfully reloaded assembly
- Completed reload, in  0.666 seconds
Platform modules already initialized, skipping
Refreshing native plugins compatible for Editor in 0.39 ms, found 3 plugins.
Preloading 0 native plugins for Editor in 0.00 ms.
Unloading 2235 Unused Serialized files (Serialized files now loaded: 0)
System memory in use before: 102.2 MB.
System memory in use after: 102.3 MB.

Unloading 22 unused Assets to reduce memory usage. Loaded Objects now: 2762.
Total: 2.116800 ms (FindLiveObjects: 0.168800 ms CreateObjectMapping: 0.062000 ms MarkObjects: 1.800600 ms  DeleteObjects: 0.084800 ms)

========================================================================
Received Import Request.
  Time since last request: 450.008754 seconds.
  path: Assets/Prefabs/Crate.prefab
  artifactKey: Guid(8b612c9fcfc6a0146a1631d735bfbf90) Importer(815301076,1909f56bfc062723c751e8b465ee728b)
Start importing Assets/Prefabs/Crate.prefab using Guid(8b612c9fcfc6a0146a1631d735bfbf90) Importer(815301076,1909f56bfc062723c751e8b465ee728b)  -> (artifact id: '93095f66e84edf8357913a940b55882c') in 0.042616 seconds
  Import took 0.045637 seconds .

========================================================================
Received Prepare
Registering precompiled user dll's ...
Registered in 0.001781 seconds.
Begin MonoManager ReloadAssembly
Native extension for WindowsStandalone target not found
Refreshing native plugins compatible for Editor in 0.43 ms, found 3 plugins.
Preloading 0 native plugins for Editor in 0.00 ms.
Mono: successfully reloaded assembly
- Completed reload, in  0.680 seconds
Platform modules already initialized, skipping
Refreshing native plugins compatible for Editor in 0.40 ms, found 3 plugins.
Preloading 0 native plugins for Editor in 0.00 ms.
Unloading 2235 Unused Serialized files (Serialized files now loaded: 0)
System memory in use before: 102.2 MB.
System memory in use after: 102.3 MB.

Unloading 22 unused Assets to reduce memory usage. Loaded Objects now: 2767.
Total: 1.955500 ms (FindLiveObjects: 0.166700 ms CreateObjectMapping: 0.046000 ms MarkObjects: 1.665700 ms  DeleteObjects: 0.076500 ms)

========================================================================
Received Prepare
Registering precompiled user dll's ...
Registered in 0.002229 seconds.
Begin MonoManager ReloadAssembly
Native extension for WindowsStandalone target not found
Refreshing native plugins compatible for Editor in 0.42 ms, found 3 plugins.
Preloading 0 native plugins for Editor in 0.00 ms.
Mono: successfully reloaded assembly
- Completed reload, in  0.692 seconds
Platform modules already initialized, skipping
Refreshing native plugins compatible for Editor in 0.43 ms, found 3 plugins.
Preloading 0 native plugins for Editor in 0.00 ms.
Unloading 2235 Unused Serialized files (Serialized files now loaded: 0)
System memory in use before: 102.2 MB.
System memory in use after: 102.3 MB.

Unloading 22 unused Assets to reduce memory usage. Loaded Objects now: 2771.
Total: 1.867800 ms (FindLiveObjects: 0.169400 ms CreateObjectMapping: 0.054800 ms MarkObjects: 1.561800 ms  DeleteObjects: 0.081300 ms)

========================================================================
Received Import Request.
  Time since last request: 346.859855 seconds.
  path: Assets/Scripts/Prefabs/cannonController.cs
  artifactKey: Guid(6da56d01797f92c4cbea3d75fe7bbd71) Importer(815301076,1909f56bfc062723c751e8b465ee728b)
Start importing Assets/Scripts/Prefabs/cannonController.cs using Guid(6da56d01797f92c4cbea3d75fe7bbd71) Importer(815301076,1909f56bfc062723c751e8b465ee728b)  -> (artifact id: 'ddc6a20a18cdf2168410f3eee4993a2e') in 0.011950 seconds
  Import took 0.015098 seconds .

========================================================================
Received Prepare
Registering precompiled user dll's ...
Registered in 0.002270 seconds.
Begin MonoManager ReloadAssembly
Native extension for WindowsStandalone target not found
Refreshing native plugins compatible for Editor in 0.42 ms, found 3 plugins.
Preloading 0 native plugins for Editor in 0.00 ms.
Mono: successfully reloaded assembly
- Completed reload, in  0.672 seconds
Platform modules already initialized, skipping
Refreshing native plugins compatible for Editor in 0.42 ms, found 3 plugins.
Preloading 0 native plugins for Editor in 0.00 ms.
Unloading 2236 Unused Serialized files (Serialized files now loaded: 0)
System memory in use before: 102.2 MB.
System memory in use after: 102.3 MB.

Unloading 22 unused Assets to reduce memory usage. Loaded Objects now: 2776.
Total: 2.053500 ms (FindLiveObjects: 0.203800 ms CreateObjectMapping: 0.072000 ms MarkObjects: 1.694300 ms  DeleteObjects: 0.082700 ms)

========================================================================
Received Prepare
Registering precompiled user dll's ...
Registered in 0.002204 seconds.
Begin MonoManager ReloadAssembly
Native extension for WindowsStandalone target not found
Refreshing native plugins compatible for Editor in 0.56 ms, found 3 plugins.
Preloading 0 native plugins for Editor in 0.00 ms.
Mono: successfully reloaded assembly
- Completed reload, in  0.661 seconds
Platform modules already initialized, skipping
Refreshing native plugins compatible for Editor in 0.42 ms, found 3 plugins.
Preloading 0 native plugins for Editor in 0.00 ms.
Unloading 2236 Unused Serialized files (Serialized files now loaded: 0)
System memory in use before: 102.2 MB.
System memory in use after: 102.2 MB.

Unloading 22 unused Assets to reduce memory usage. Loaded Objects now: 2780.
Total: 1.971200 ms (FindLiveObjects: 0.161500 ms CreateObjectMapping: 0.045600 ms MarkObjects: 1.675200 ms  DeleteObjects: 0.088200 ms)

========================================================================
Received Import Request.
  Time since last request: 475.711815 seconds.
  path: Assets/Scripts/Prefabs/cannonController.cs
  artifactKey: Guid(6da56d01797f92c4cbea3d75fe7bbd71) Importer(815301076,1909f56bfc062723c751e8b465ee728b)
Start importing Assets/Scripts/Prefabs/cannonController.cs using Guid(6da56d01797f92c4cbea3d75fe7bbd71) Importer(815301076,1909f56bfc062723c751e8b465ee728b)  -> (artifact id: 'b699bb4474db1a1919afc091314800f2') in 0.003689 seconds
  Import took 0.006338 seconds .

========================================================================
Received Import Request.
  Time since last request: 20.247024 seconds.
  path: Assets/Prefabs/Crate.prefab
  artifactKey: Guid(8b612c9fcfc6a0146a1631d735bfbf90) Importer(815301076,1909f56bfc062723c751e8b465ee728b)
Start importing Assets/Prefabs/Crate.prefab using Guid(8b612c9fcfc6a0146a1631d735bfbf90) Importer(815301076,1909f56bfc062723c751e8b465ee728b)  -> (artifact id: '6668d5042c67db352c909ed4a2d97cec') in 0.069949 seconds
  Import took 0.072748 seconds .

========================================================================
Received Import Request.
  Time since last request: 76.657504 seconds.
  path: Assets/Scripts/Player/Turning.cs
  artifactKey: Guid(467bfa9c483931d459706e8f716d7f2c) Importer(815301076,1909f56bfc062723c751e8b465ee728b)
Start importing Assets/Scripts/Player/Turning.cs using Guid(467bfa9c483931d459706e8f716d7f2c) Importer(815301076,1909f56bfc062723c751e8b465ee728b)  -> (artifact id: '5be417c9bb73294e3d1d7eb3bbe4cc7e') in 0.004677 seconds
  Import took 0.007353 seconds .

========================================================================
Received Prepare
Registering precompiled user dll's ...
Registered in 0.001793 seconds.
Begin MonoManager ReloadAssembly
Native extension for WindowsStandalone target not found
Refreshing native plugins compatible for Editor in 0.42 ms, found 3 plugins.
Preloading 0 native plugins for Editor in 0.00 ms.
Mono: successfully reloaded assembly
- Completed reload, in  0.663 seconds
Platform modules already initialized, skipping
Refreshing native plugins compatible for Editor in 0.42 ms, found 3 plugins.
Preloading 0 native plugins for Editor in 0.00 ms.
Unloading 2236 Unused Serialized files (Serialized files now loaded: 0)
System memory in use before: 102.3 MB.
System memory in use after: 102.4 MB.

Unloading 22 unused Assets to reduce memory usage. Loaded Objects now: 2785.
Total: 2.126500 ms (FindLiveObjects: 0.307400 ms CreateObjectMapping: 0.065200 ms MarkObjects: 1.665100 ms  DeleteObjects: 0.087900 ms)

========================================================================
Received Prepare
Registering precompiled user dll's ...
Registered in 0.001795 seconds.
Begin MonoManager ReloadAssembly
Native extension for WindowsStandalone target not found
Refreshing native plugins compatible for Editor in 0.41 ms, found 3 plugins.
Preloading 0 native plugins for Editor in 0.00 ms.
Mono: successfully reloaded assembly
- Completed reload, in  0.660 seconds
Platform modules already initialized, skipping
Refreshing native plugins compatible for Editor in 0.41 ms, found 3 plugins.
Preloading 0 native plugins for Editor in 0.00 ms.
Unloading 2236 Unused Serialized files (Serialized files now loaded: 0)
System memory in use before: 102.3 MB.
System memory in use after: 102.4 MB.

Unloading 22 unused Assets to reduce memory usage. Loaded Objects now: 2789.
Total: 2.082200 ms (FindLiveObjects: 0.216800 ms CreateObjectMapping: 0.086700 ms MarkObjects: 1.692200 ms  DeleteObjects: 0.085800 ms)

========================================================================
Received Prepare
Registering precompiled user dll's ...
Registered in 0.001796 seconds.
Begin MonoManager ReloadAssembly
Native extension for WindowsStandalone target not found
Refreshing native plugins compatible for Editor in 0.42 ms, found 3 plugins.
Preloading 0 native plugins for Editor in 0.00 ms.
Mono: successfully reloaded assembly
- Completed reload, in  0.664 seconds
Platform modules already initialized, skipping
Refreshing native plugins compatible for Editor in 0.41 ms, found 3 plugins.
Preloading 0 native plugins for Editor in 0.00 ms.
Unloading 2236 Unused Serialized files (Serialized files now loaded: 0)
System memory in use before: 102.3 MB.
System memory in use after: 102.4 MB.

Unloading 22 unused Assets to reduce memory usage. Loaded Objects now: 2793.
Total: 1.770900 ms (FindLiveObjects: 0.152300 ms CreateObjectMapping: 0.046900 ms MarkObjects: 1.490400 ms  DeleteObjects: 0.080600 ms)

========================================================================
Received Prepare
Registering precompiled user dll's ...
Registered in 0.001825 seconds.
Begin MonoManager ReloadAssembly
Native extension for WindowsStandalone target not found
Refreshing native plugins compatible for Editor in 0.42 ms, found 3 plugins.
Preloading 0 native plugins for Editor in 0.00 ms.
Mono: successfully reloaded assembly
- Completed reload, in  0.666 seconds
Platform modules already initialized, skipping
Refreshing native plugins compatible for Editor in 0.41 ms, found 3 plugins.
Preloading 0 native plugins for Editor in 0.00 ms.
Unloading 2236 Unused Serialized files (Serialized files now loaded: 0)
System memory in use before: 102.3 MB.
System memory in use after: 102.4 MB.

Unloading 22 unused Assets to reduce memory usage. Loaded Objects now: 2797.
Total: 2.098900 ms (FindLiveObjects: 0.211300 ms CreateObjectMapping: 0.074200 ms MarkObjects: 1.728900 ms  DeleteObjects: 0.083800 ms)

========================================================================
Received Prepare
Registering precompiled user dll's ...
Registered in 0.001837 seconds.
Begin MonoManager ReloadAssembly
Native extension for WindowsStandalone target not found
Refreshing native plugins compatible for Editor in 0.43 ms, found 3 plugins.
Preloading 0 native plugins for Editor in 0.00 ms.
Mono: successfully reloaded assembly
- Completed reload, in  0.670 seconds
Platform modules already initialized, skipping
Refreshing native plugins compatible for Editor in 0.40 ms, found 3 plugins.
Preloading 0 native plugins for Editor in 0.00 ms.
Unloading 2236 Unused Serialized files (Serialized files now loaded: 0)
System memory in use before: 102.2 MB.
System memory in use after: 102.3 MB.

Unloading 22 unused Assets to reduce memory usage. Loaded Objects now: 2801.
Total: 2.024500 ms (FindLiveObjects: 0.205400 ms CreateObjectMapping: 0.065700 ms MarkObjects: 1.668900 ms  DeleteObjects: 0.084000 ms)

========================================================================
Received Prepare
Registering precompiled user dll's ...
Registered in 0.001846 seconds.
Begin MonoManager ReloadAssembly
Native extension for WindowsStandalone target not found
Refreshing native plugins compatible for Editor in 0.69 ms, found 3 plugins.
Preloading 0 native plugins for Editor in 0.00 ms.
Mono: successfully reloaded assembly
- Completed reload, in  0.670 seconds
Platform modules already initialized, skipping
Refreshing native plugins compatible for Editor in 0.45 ms, found 3 plugins.
Preloading 0 native plugins for Editor in 0.00 ms.
Unloading 2236 Unused Serialized files (Serialized files now loaded: 0)
System memory in use before: 102.3 MB.
System memory in use after: 102.4 MB.

Unloading 22 unused Assets to reduce memory usage. Loaded Objects now: 2805.
Total: 2.025100 ms (FindLiveObjects: 0.212900 ms CreateObjectMapping: 0.079000 ms MarkObjects: 1.649800 ms  DeleteObjects: 0.082700 ms)

========================================================================
Received Prepare
Registering precompiled user dll's ...
Registered in 0.001890 seconds.
Begin MonoManager ReloadAssembly
Native extension for WindowsStandalone target not found
Refreshing native plugins compatible for Editor in 0.42 ms, found 3 plugins.
Preloading 0 native plugins for Editor in 0.00 ms.
Mono: successfully reloaded assembly
- Completed reload, in  0.658 seconds
Platform modules already initialized, skipping
Refreshing native plugins compatible for Editor in 0.40 ms, found 3 plugins.
Preloading 0 native plugins for Editor in 0.00 ms.
Unloading 2236 Unused Serialized files (Serialized files now loaded: 0)
System memory in use before: 102.3 MB.
System memory in use after: 102.4 MB.

Unloading 22 unused Assets to reduce memory usage. Loaded Objects now: 2809.
Total: 2.059900 ms (FindLiveObjects: 0.265300 ms CreateObjectMapping: 0.081700 ms MarkObjects: 1.635600 ms  DeleteObjects: 0.076500 ms)

========================================================================
Received Prepare
Registering precompiled user dll's ...
Registered in 0.001895 seconds.
Begin MonoManager ReloadAssembly
Native extension for WindowsStandalone target not found
Refreshing native plugins compatible for Editor in 0.42 ms, found 3 plugins.
Preloading 0 native plugins for Editor in 0.00 ms.
Mono: successfully reloaded assembly
- Completed reload, in  0.672 seconds
Platform modules already initialized, skipping
Refreshing native plugins compatible for Editor in 0.41 ms, found 3 plugins.
Preloading 0 native plugins for Editor in 0.00 ms.
Unloading 2236 Unused Serialized files (Serialized files now loaded: 0)
System memory in use before: 102.3 MB.
System memory in use after: 102.4 MB.

Unloading 22 unused Assets to reduce memory usage. Loaded Objects now: 2813.
Total: 1.781800 ms (FindLiveObjects: 0.183200 ms CreateObjectMapping: 0.046600 ms MarkObjects: 1.471600 ms  DeleteObjects: 0.079800 ms)

========================================================================
Received Prepare
Registering precompiled user dll's ...
Registered in 0.002020 seconds.
Begin MonoManager ReloadAssembly
Native extension for WindowsStandalone target not found
Refreshing native plugins compatible for Editor in 0.42 ms, found 3 plugins.
Preloading 0 native plugins for Editor in 0.00 ms.
Mono: successfully reloaded assembly
- Completed reload, in  0.659 seconds
Platform modules already initialized, skipping
Refreshing native plugins compatible for Editor in 0.40 ms, found 3 plugins.
Preloading 0 native plugins for Editor in 0.00 ms.
Unloading 2236 Unused Serialized files (Serialized files now loaded: 0)
System memory in use before: 102.3 MB.
System memory in use after: 102.4 MB.

Unloading 22 unused Assets to reduce memory usage. Loaded Objects now: 2817.
Total: 1.885900 ms (FindLiveObjects: 0.158000 ms CreateObjectMapping: 0.058900 ms MarkObjects: 1.587500 ms  DeleteObjects: 0.080500 ms)

========================================================================
Received Prepare
Registering precompiled user dll's ...
Registered in 0.002393 seconds.
Begin MonoManager ReloadAssembly
Native extension for WindowsStandalone target not found
Refreshing native plugins compatible for Editor in 0.42 ms, found 3 plugins.
Preloading 0 native plugins for Editor in 0.00 ms.
Mono: successfully reloaded assembly
- Completed reload, in  0.667 seconds
Platform modules already initialized, skipping
Refreshing native plugins compatible for Editor in 0.42 ms, found 3 plugins.
Preloading 0 native plugins for Editor in 0.00 ms.
Unloading 2236 Unused Serialized files (Serialized files now loaded: 0)
System memory in use before: 102.3 MB.
System memory in use after: 102.3 MB.

Unloading 22 unused Assets to reduce memory usage. Loaded Objects now: 2821.
Total: 1.887000 ms (FindLiveObjects: 0.163800 ms CreateObjectMapping: 0.057400 ms MarkObjects: 1.580500 ms  DeleteObjects: 0.084700 ms)

========================================================================
Received Prepare
Registering precompiled user dll's ...
Registered in 0.001867 seconds.
Begin MonoManager ReloadAssembly
Native extension for WindowsStandalone target not found
Refreshing native plugins compatible for Editor in 0.43 ms, found 3 plugins.
Preloading 0 native plugins for Editor in 0.00 ms.
Mono: successfully reloaded assembly
- Completed reload, in  0.652 seconds
Platform modules already initialized, skipping
Refreshing native plugins compatible for Editor in 0.43 ms, found 3 plugins.
Preloading 0 native plugins for Editor in 0.00 ms.
Unloading 2236 Unused Serialized files (Serialized files now loaded: 0)
System memory in use before: 102.3 MB.
System memory in use after: 102.3 MB.

Unloading 22 unused Assets to reduce memory usage. Loaded Objects now: 2825.
Total: 2.034800 ms (FindLiveObjects: 0.209200 ms CreateObjectMapping: 0.075700 ms MarkObjects: 1.665700 ms  DeleteObjects: 0.083700 ms)

========================================================================
Received Prepare
Registering precompiled user dll's ...
Registered in 0.001808 seconds.
Begin MonoManager ReloadAssembly
Native extension for WindowsStandalone target not found
Refreshing native plugins compatible for Editor in 0.43 ms, found 3 plugins.
Preloading 0 native plugins for Editor in 0.00 ms.
Mono: successfully reloaded assembly
- Completed reload, in  0.669 seconds
Platform modules already initialized, skipping
Refreshing native plugins compatible for Editor in 0.41 ms, found 3 plugins.
Preloading 0 native plugins for Editor in 0.00 ms.
Unloading 2236 Unused Serialized files (Serialized files now loaded: 0)
System memory in use before: 102.3 MB.
System memory in use after: 102.4 MB.

Unloading 22 unused Assets to reduce memory usage. Loaded Objects now: 2829.
Total: 2.036900 ms (FindLiveObjects: 0.170800 ms CreateObjectMapping: 0.060500 ms MarkObjects: 1.722600 ms  DeleteObjects: 0.082500 ms)

========================================================================
Received Prepare
Registering precompiled user dll's ...
Registered in 0.001886 seconds.
Begin MonoManager ReloadAssembly
Native extension for WindowsStandalone target not found
Refreshing native plugins compatible for Editor in 0.70 ms, found 3 plugins.
Preloading 0 native plugins for Editor in 0.00 ms.
Mono: successfully reloaded assembly
- Completed reload, in  0.689 seconds
Platform modules already initialized, skipping
Refreshing native plugins compatible for Editor in 0.47 ms, found 3 plugins.
Preloading 0 native plugins for Editor in 0.00 ms.
Unloading 2236 Unused Serialized files (Serialized files now loaded: 0)
System memory in use before: 102.4 MB.
System memory in use after: 102.5 MB.

Unloading 22 unused Assets to reduce memory usage. Loaded Objects now: 2833.
Total: 1.964200 ms (FindLiveObjects: 0.194900 ms CreateObjectMapping: 0.047900 ms MarkObjects: 1.628200 ms  DeleteObjects: 0.092500 ms)

========================================================================
Received Import Request.
  Time since last request: 1074.843700 seconds.
  path: Assets/Prefabs/CannonCrate.prefab
  artifactKey: Guid(3f234e442e52e9140b476759feca61af) Importer(815301076,1909f56bfc062723c751e8b465ee728b)
Start importing Assets/Prefabs/CannonCrate.prefab using Guid(3f234e442e52e9140b476759feca61af) Importer(815301076,1909f56bfc062723c751e8b465ee728b)  -> (artifact id: '81bdf8386d9058fdab30c23f6a94056e') in 0.054392 seconds
  Import took 0.057451 seconds .

========================================================================
Received Import Request.
  Time since last request: 73.679201 seconds.
  path: Assets/Scripts/Player/SpawnCrates.cs
  artifactKey: Guid(cfae20ce463932946938df7815218b35) Importer(815301076,1909f56bfc062723c751e8b465ee728b)
Start importing Assets/Scripts/Player/SpawnCrates.cs using Guid(cfae20ce463932946938df7815218b35) Importer(815301076,1909f56bfc062723c751e8b465ee728b)  -> (artifact id: 'bf1afb2abcb48db3f5d464b109bbd637') in 0.003368 seconds
  Import took 0.006604 seconds .

========================================================================
Received Import Request.
  Time since last request: 33.226332 seconds.
  path: Assets/Scripts/Player/SwitchWeapons.cs
  artifactKey: Guid(d8f4f622659426b4682d50adbdc014b5) Importer(815301076,1909f56bfc062723c751e8b465ee728b)
Start importing Assets/Scripts/Player/SwitchWeapons.cs using Guid(d8f4f622659426b4682d50adbdc014b5) Importer(815301076,1909f56bfc062723c751e8b465ee728b)  -> (artifact id: 'c709d4344febe49a5d47dc4718d2e935') in 0.004113 seconds
  Import took 0.007154 seconds .

========================================================================
Received Prepare
Registering precompiled user dll's ...
Registered in 0.001774 seconds.
Begin MonoManager ReloadAssembly
Native extension for WindowsStandalone target not found
Refreshing native plugins compatible for Editor in 0.43 ms, found 3 plugins.
Preloading 0 native plugins for Editor in 0.00 ms.
Mono: successfully reloaded assembly
- Completed reload, in  0.653 seconds
Platform modules already initialized, skipping
Refreshing native plugins compatible for Editor in 0.41 ms, found 3 plugins.
Preloading 0 native plugins for Editor in 0.00 ms.
Unloading 2235 Unused Serialized files (Serialized files now loaded: 0)
System memory in use before: 102.5 MB.
System memory in use after: 102.5 MB.

Unloading 23 unused Assets to reduce memory usage. Loaded Objects now: 2837.
Total: 1.981400 ms (FindLiveObjects: 0.159300 ms CreateObjectMapping: 0.046100 ms MarkObjects: 1.695400 ms  DeleteObjects: 0.079800 ms)

========================================================================
Received Prepare
Registering precompiled user dll's ...
Registered in 0.001832 seconds.
Begin MonoManager ReloadAssembly
Native extension for WindowsStandalone target not found
Refreshing native plugins compatible for Editor in 0.48 ms, found 3 plugins.
Preloading 0 native plugins for Editor in 0.00 ms.
Mono: successfully reloaded assembly
- Completed reload, in  0.661 seconds
Platform modules already initialized, skipping
Refreshing native plugins compatible for Editor in 0.41 ms, found 3 plugins.
Preloading 0 native plugins for Editor in 0.00 ms.
Unloading 2235 Unused Serialized files (Serialized files now loaded: 0)
System memory in use before: 102.5 MB.
System memory in use after: 102.6 MB.

Unloading 22 unused Assets to reduce memory usage. Loaded Objects now: 2841.
Total: 2.037500 ms (FindLiveObjects: 0.216400 ms CreateObjectMapping: 0.078100 ms MarkObjects: 1.660100 ms  DeleteObjects: 0.082300 ms)

========================================================================
Received Prepare
Registering precompiled user dll's ...
Registered in 0.001825 seconds.
Begin MonoManager ReloadAssembly
Native extension for WindowsStandalone target not found
Refreshing native plugins compatible for Editor in 0.44 ms, found 3 plugins.
Preloading 0 native plugins for Editor in 0.00 ms.
Mono: successfully reloaded assembly
- Completed reload, in  0.667 seconds
Platform modules already initialized, skipping
Refreshing native plugins compatible for Editor in 0.40 ms, found 3 plugins.
Preloading 0 native plugins for Editor in 0.00 ms.
Unloading 2235 Unused Serialized files (Serialized files now loaded: 0)
System memory in use before: 102.5 MB.
System memory in use after: 102.6 MB.

Unloading 22 unused Assets to reduce memory usage. Loaded Objects now: 2845.
Total: 1.929300 ms (FindLiveObjects: 0.186400 ms CreateObjectMapping: 0.046900 ms MarkObjects: 1.608000 ms  DeleteObjects: 0.087200 ms)

========================================================================
Received Import Request.
  Time since last request: 262.422496 seconds.
  path: Assets/Scripts/Prefabs/EnemyController.cs
  artifactKey: Guid(074dfd1b6a238db459c700d9444ec5a8) Importer(815301076,1909f56bfc062723c751e8b465ee728b)
Start importing Assets/Scripts/Prefabs/EnemyController.cs using Guid(074dfd1b6a238db459c700d9444ec5a8) Importer(815301076,1909f56bfc062723c751e8b465ee728b)  -> (artifact id: 'fd51b04c7688b45330d408c90acd6781') in 0.006122 seconds
  Import took 0.009119 seconds .

========================================================================
Received Prepare
Registering precompiled user dll's ...
Registered in 0.001885 seconds.
Begin MonoManager ReloadAssembly
Native extension for WindowsStandalone target not found
Refreshing native plugins compatible for Editor in 0.42 ms, found 3 plugins.
Preloading 0 native plugins for Editor in 0.00 ms.
Mono: successfully reloaded assembly
- Completed reload, in  0.661 seconds
Platform modules already initialized, skipping
Refreshing native plugins compatible for Editor in 0.42 ms, found 3 plugins.
Preloading 0 native plugins for Editor in 0.00 ms.
Unloading 2235 Unused Serialized files (Serialized files now loaded: 0)
System memory in use before: 102.4 MB.
System memory in use after: 102.5 MB.

Unloading 22 unused Assets to reduce memory usage. Loaded Objects now: 2849.
Total: 2.041300 ms (FindLiveObjects: 0.200800 ms CreateObjectMapping: 0.070700 ms MarkObjects: 1.653800 ms  DeleteObjects: 0.115500 ms)

========================================================================
Received Import Request.
  Time since last request: 47.477795 seconds.
  path: Assets/Scripts/Prefabs/EnemyController.cs
  artifactKey: Guid(074dfd1b6a238db459c700d9444ec5a8) Importer(815301076,1909f56bfc062723c751e8b465ee728b)
Start importing Assets/Scripts/Prefabs/EnemyController.cs using Guid(074dfd1b6a238db459c700d9444ec5a8) Importer(815301076,1909f56bfc062723c751e8b465ee728b)  -> (artifact id: 'f0507aa7425ea39b5f2461b195bccb9f') in 0.003340 seconds
  Import took 0.005680 seconds .

========================================================================
Received Prepare
Registering precompiled user dll's ...
Registered in 0.001808 seconds.
Begin MonoManager ReloadAssembly
Native extension for WindowsStandalone target not found
Refreshing native plugins compatible for Editor in 0.41 ms, found 3 plugins.
Preloading 0 native plugins for Editor in 0.00 ms.
Mono: successfully reloaded assembly
- Completed reload, in  0.651 seconds
Platform modules already initialized, skipping
Refreshing native plugins compatible for Editor in 0.43 ms, found 3 plugins.
Preloading 0 native plugins for Editor in 0.00 ms.
Unloading 2235 Unused Serialized files (Serialized files now loaded: 0)
System memory in use before: 102.5 MB.
System memory in use after: 102.6 MB.

Unloading 22 unused Assets to reduce memory usage. Loaded Objects now: 2853.
Total: 1.792600 ms (FindLiveObjects: 0.166700 ms CreateObjectMapping: 0.070900 ms MarkObjects: 1.475400 ms  DeleteObjects: 0.079000 ms)

========================================================================
Received Prepare
Registering precompiled user dll's ...
Registered in 0.001972 seconds.
Begin MonoManager ReloadAssembly
Native extension for WindowsStandalone target not found
Refreshing native plugins compatible for Editor in 0.42 ms, found 3 plugins.
Preloading 0 native plugins for Editor in 0.00 ms.
Mono: successfully reloaded assembly
- Completed reload, in  0.651 seconds
Platform modules already initialized, skipping
Refreshing native plugins compatible for Editor in 0.43 ms, found 3 plugins.
Preloading 0 native plugins for Editor in 0.00 ms.
Unloading 2235 Unused Serialized files (Serialized files now loaded: 0)
System memory in use before: 102.5 MB.
System memory in use after: 102.6 MB.

Unloading 22 unused Assets to reduce memory usage. Loaded Objects now: 2857.
Total: 2.002900 ms (FindLiveObjects: 0.197200 ms CreateObjectMapping: 0.061000 ms MarkObjects: 1.656500 ms  DeleteObjects: 0.087600 ms)

========================================================================
Received Import Request.
  Time since last request: 432.252135 seconds.
  path: Assets/Scripts/Player/SpawnCrates.cs
  artifactKey: Guid(cfae20ce463932946938df7815218b35) Importer(815301076,1909f56bfc062723c751e8b465ee728b)
Start importing Assets/Scripts/Player/SpawnCrates.cs using Guid(cfae20ce463932946938df7815218b35) Importer(815301076,1909f56bfc062723c751e8b465ee728b)  -> (artifact id: '0a8f17ec212682dcf2a46cc7f16de027') in 0.003469 seconds
  Import took 0.006140 seconds .

========================================================================
Received Import Request.
  Time since last request: 0.035893 seconds.
  path: Assets/Scripts/Player/SpawnCrates.cs
  artifactKey: Guid(cfae20ce463932946938df7815218b35) Importer(815301076,1909f56bfc062723c751e8b465ee728b)
Start importing Assets/Scripts/Player/SpawnCrates.cs using Guid(cfae20ce463932946938df7815218b35) Importer(815301076,1909f56bfc062723c751e8b465ee728b)  -> (artifact id: '0a8f17ec212682dcf2a46cc7f16de027') in 0.001175 seconds
  Import took 0.003865 seconds .

========================================================================
Received Prepare
Registering precompiled user dll's ...
Registered in 0.001925 seconds.
Begin MonoManager ReloadAssembly
Native extension for WindowsStandalone target not found
Refreshing native plugins compatible for Editor in 0.41 ms, found 3 plugins.
Preloading 0 native plugins for Editor in 0.00 ms.
Mono: successfully reloaded assembly
- Completed reload, in  0.648 seconds
Platform modules already initialized, skipping
Refreshing native plugins compatible for Editor in 0.40 ms, found 3 plugins.
Preloading 0 native plugins for Editor in 0.00 ms.
Unloading 2235 Unused Serialized files (Serialized files now loaded: 0)
System memory in use before: 102.5 MB.
System memory in use after: 102.6 MB.

Unloading 22 unused Assets to reduce memory usage. Loaded Objects now: 2861.
Total: 1.747200 ms (FindLiveObjects: 0.165500 ms CreateObjectMapping: 0.046800 ms MarkObjects: 1.452500 ms  DeleteObjects: 0.082000 ms)

========================================================================
Received Prepare
Registering precompiled user dll's ...
Registered in 0.001844 seconds.
Begin MonoManager ReloadAssembly
Native extension for WindowsStandalone target not found
Refreshing native plugins compatible for Editor in 0.42 ms, found 3 plugins.
Preloading 0 native plugins for Editor in 0.00 ms.
Mono: successfully reloaded assembly
- Completed reload, in  0.667 seconds
Platform modules already initialized, skipping
Refreshing native plugins compatible for Editor in 0.40 ms, found 3 plugins.
Preloading 0 native plugins for Editor in 0.00 ms.
Unloading 2235 Unused Serialized files (Serialized files now loaded: 0)
System memory in use before: 102.5 MB.
System memory in use after: 102.6 MB.

Unloading 22 unused Assets to reduce memory usage. Loaded Objects now: 2865.
Total: 2.029800 ms (FindLiveObjects: 0.207100 ms CreateObjectMapping: 0.072200 ms MarkObjects: 1.670500 ms  DeleteObjects: 0.079100 ms)

========================================================================
Received Import Request.
  Time since last request: 218.030693 seconds.
  path: Assets/Scripts/Prefabs/TreeSpawning.cs
  artifactKey: Guid(e282e3cd62c740d4184e785dfac1f74c) Importer(815301076,1909f56bfc062723c751e8b465ee728b)
Start importing Assets/Scripts/Prefabs/TreeSpawning.cs using Guid(e282e3cd62c740d4184e785dfac1f74c) Importer(815301076,1909f56bfc062723c751e8b465ee728b)  -> (artifact id: '6eb783372772b5a2d15b1df1690cc9d7') in 0.013242 seconds
  Import took 0.015765 seconds .

========================================================================
Received Prepare
Registering precompiled user dll's ...
Registered in 0.002085 seconds.
Begin MonoManager ReloadAssembly
Native extension for WindowsStandalone target not found
Refreshing native plugins compatible for Editor in 0.42 ms, found 3 plugins.
Preloading 0 native plugins for Editor in 0.00 ms.
Mono: successfully reloaded assembly
- Completed reload, in  0.682 seconds
Platform modules already initialized, skipping
Refreshing native plugins compatible for Editor in 0.43 ms, found 3 plugins.
Preloading 0 native plugins for Editor in 0.00 ms.
Unloading 2235 Unused Serialized files (Serialized files now loaded: 0)
System memory in use before: 102.4 MB.
System memory in use after: 102.5 MB.

Unloading 22 unused Assets to reduce memory usage. Loaded Objects now: 2869.
Total: 1.864600 ms (FindLiveObjects: 0.183900 ms CreateObjectMapping: 0.048400 ms MarkObjects: 1.547500 ms  DeleteObjects: 0.084200 ms)

========================================================================
Received Prepare
Registering precompiled user dll's ...
Registered in 0.001852 seconds.
Begin MonoManager ReloadAssembly
Native extension for WindowsStandalone target not found
Refreshing native plugins compatible for Editor in 0.42 ms, found 3 plugins.
Preloading 0 native plugins for Editor in 0.00 ms.
Mono: successfully reloaded assembly
- Completed reload, in  0.671 seconds
Platform modules already initialized, skipping
Refreshing native plugins compatible for Editor in 0.40 ms, found 3 plugins.
Preloading 0 native plugins for Editor in 0.00 ms.
Unloading 2235 Unused Serialized files (Serialized files now loaded: 0)
System memory in use before: 102.5 MB.
System memory in use after: 102.5 MB.

Unloading 22 unused Assets to reduce memory usage. Loaded Objects now: 2873.
Total: 2.037800 ms (FindLiveObjects: 0.244300 ms CreateObjectMapping: 0.057500 ms MarkObjects: 1.652300 ms  DeleteObjects: 0.083000 ms)

========================================================================
Received Prepare
Registering precompiled user dll's ...
Registered in 0.002326 seconds.
Begin MonoManager ReloadAssembly
Native extension for WindowsStandalone target not found
Refreshing native plugins compatible for Editor in 0.42 ms, found 3 plugins.
Preloading 0 native plugins for Editor in 0.00 ms.
Mono: successfully reloaded assembly
- Completed reload, in  0.659 seconds
Platform modules already initialized, skipping
Refreshing native plugins compatible for Editor in 0.40 ms, found 3 plugins.
Preloading 0 native plugins for Editor in 0.00 ms.
Unloading 2235 Unused Serialized files (Serialized files now loaded: 0)
System memory in use before: 102.5 MB.
System memory in use after: 102.5 MB.

Unloading 22 unused Assets to reduce memory usage. Loaded Objects now: 2877.
Total: 2.104500 ms (FindLiveObjects: 0.208700 ms CreateObjectMapping: 0.070900 ms MarkObjects: 1.748300 ms  DeleteObjects: 0.076000 ms)

========================================================================
Received Prepare
Registering precompiled user dll's ...
Registered in 0.001784 seconds.
Begin MonoManager ReloadAssembly
Native extension for WindowsStandalone target not found
Refreshing native plugins compatible for Editor in 0.41 ms, found 3 plugins.
Preloading 0 native plugins for Editor in 0.00 ms.
Mono: successfully reloaded assembly
- Completed reload, in  0.662 seconds
Platform modules already initialized, skipping
Refreshing native plugins compatible for Editor in 0.40 ms, found 3 plugins.
Preloading 0 native plugins for Editor in 0.00 ms.
Unloading 2235 Unused Serialized files (Serialized files now loaded: 0)
System memory in use before: 102.5 MB.
System memory in use after: 102.6 MB.

Unloading 22 unused Assets to reduce memory usage. Loaded Objects now: 2881.
Total: 1.853000 ms (FindLiveObjects: 0.202600 ms CreateObjectMapping: 0.047200 ms MarkObjects: 1.513600 ms  DeleteObjects: 0.089100 ms)

========================================================================
Received Prepare
Registering precompiled user dll's ...
Registered in 0.002190 seconds.
Begin MonoManager ReloadAssembly
Native extension for WindowsStandalone target not found
Refreshing native plugins compatible for Editor in 0.42 ms, found 3 plugins.
Preloading 0 native plugins for Editor in 0.00 ms.
Mono: successfully reloaded assembly
- Completed reload, in  0.657 seconds
Platform modules already initialized, skipping
Refreshing native plugins compatible for Editor in 0.41 ms, found 3 plugins.
Preloading 0 native plugins for Editor in 0.00 ms.
Unloading 2235 Unused Serialized files (Serialized files now loaded: 0)
System memory in use before: 102.6 MB.
System memory in use after: 102.7 MB.

Unloading 22 unused Assets to reduce memory usage. Loaded Objects now: 2885.
Total: 1.909400 ms (FindLiveObjects: 0.183500 ms CreateObjectMapping: 0.064400 ms MarkObjects: 1.580500 ms  DeleteObjects: 0.080200 ms)

========================================================================
Received Prepare
Registering precompiled user dll's ...
Registered in 0.001788 seconds.
Begin MonoManager ReloadAssembly
Native extension for WindowsStandalone target not found
Refreshing native plugins compatible for Editor in 0.54 ms, found 3 plugins.
Preloading 0 native plugins for Editor in 0.00 ms.
Mono: successfully reloaded assembly
- Completed reload, in  0.670 seconds
Platform modules already initialized, skipping
Refreshing native plugins compatible for Editor in 0.41 ms, found 3 plugins.
Preloading 0 native plugins for Editor in 0.00 ms.
Unloading 2235 Unused Serialized files (Serialized files now loaded: 0)
System memory in use before: 102.6 MB.
System memory in use after: 102.7 MB.

Unloading 22 unused Assets to reduce memory usage. Loaded Objects now: 2889.
Total: 1.823700 ms (FindLiveObjects: 0.195700 ms CreateObjectMapping: 0.049700 ms MarkObjects: 1.489100 ms  DeleteObjects: 0.088600 ms)

========================================================================
Received Prepare
Registering precompiled user dll's ...
Registered in 0.001915 seconds.
Begin MonoManager ReloadAssembly
Native extension for WindowsStandalone target not found
Refreshing native plugins compatible for Editor in 0.43 ms, found 3 plugins.
Preloading 0 native plugins for Editor in 0.00 ms.
Mono: successfully reloaded assembly
- Completed reload, in  0.664 seconds
Platform modules already initialized, skipping
Refreshing native plugins compatible for Editor in 0.42 ms, found 3 plugins.
Preloading 0 native plugins for Editor in 0.00 ms.
Unloading 2235 Unused Serialized files (Serialized files now loaded: 0)
System memory in use before: 102.6 MB.
System memory in use after: 102.7 MB.

Unloading 22 unused Assets to reduce memory usage. Loaded Objects now: 2893.
Total: 2.075100 ms (FindLiveObjects: 0.209800 ms CreateObjectMapping: 0.075600 ms MarkObjects: 1.702800 ms  DeleteObjects: 0.086200 ms)

========================================================================
Received Prepare
Registering precompiled user dll's ...
Registered in 0.001796 seconds.
Begin MonoManager ReloadAssembly
Native extension for WindowsStandalone target not found
Refreshing native plugins compatible for Editor in 0.43 ms, found 3 plugins.
Preloading 0 native plugins for Editor in 0.00 ms.
Mono: successfully reloaded assembly
- Completed reload, in  0.673 seconds
Platform modules already initialized, skipping
Refreshing native plugins compatible for Editor in 0.42 ms, found 3 plugins.
Preloading 0 native plugins for Editor in 0.00 ms.
Unloading 2235 Unused Serialized files (Serialized files now loaded: 0)
System memory in use before: 102.6 MB.
System memory in use after: 102.7 MB.

Unloading 22 unused Assets to reduce memory usage. Loaded Objects now: 2897.
Total: 2.226800 ms (FindLiveObjects: 0.219300 ms CreateObjectMapping: 0.108900 ms MarkObjects: 1.811900 ms  DeleteObjects: 0.086100 ms)

========================================================================
Received Prepare
Registering precompiled user dll's ...
Registered in 0.001834 seconds.
Begin MonoManager ReloadAssembly
Native extension for WindowsStandalone target not found
Refreshing native plugins compatible for Editor in 0.42 ms, found 3 plugins.
Preloading 0 native plugins for Editor in 0.00 ms.
Mono: successfully reloaded assembly
- Completed reload, in  0.659 seconds
Platform modules already initialized, skipping
Refreshing native plugins compatible for Editor in 0.39 ms, found 3 plugins.
Preloading 0 native plugins for Editor in 0.00 ms.
Unloading 2235 Unused Serialized files (Serialized files now loaded: 0)
System memory in use before: 102.5 MB.
System memory in use after: 102.6 MB.

Unloading 22 unused Assets to reduce memory usage. Loaded Objects now: 2901.
Total: 2.059900 ms (FindLiveObjects: 0.201800 ms CreateObjectMapping: 0.062200 ms MarkObjects: 1.716200 ms  DeleteObjects: 0.079200 ms)

========================================================================
Received Prepare
Registering precompiled user dll's ...
Registered in 0.002744 seconds.
Begin MonoManager ReloadAssembly
Native extension for WindowsStandalone target not found
Refreshing native plugins compatible for Editor in 0.41 ms, found 3 plugins.
Preloading 0 native plugins for Editor in 0.00 ms.
Mono: successfully reloaded assembly
- Completed reload, in  0.663 seconds
Platform modules already initialized, skipping
Refreshing native plugins compatible for Editor in 0.38 ms, found 3 plugins.
Preloading 0 native plugins for Editor in 0.00 ms.
Unloading 2235 Unused Serialized files (Serialized files now loaded: 0)
System memory in use before: 102.6 MB.
System memory in use after: 102.7 MB.

Unloading 22 unused Assets to reduce memory usage. Loaded Objects now: 2905.
Total: 2.075500 ms (FindLiveObjects: 0.213500 ms CreateObjectMapping: 0.071800 ms MarkObjects: 1.712800 ms  DeleteObjects: 0.076900 ms)

========================================================================
Received Prepare
Registering precompiled user dll's ...
Registered in 0.001774 seconds.
Begin MonoManager ReloadAssembly
Native extension for WindowsStandalone target not found
Refreshing native plugins compatible for Editor in 0.41 ms, found 3 plugins.
Preloading 0 native plugins for Editor in 0.00 ms.
Mono: successfully reloaded assembly
- Completed reload, in  0.664 seconds
Platform modules already initialized, skipping
Refreshing native plugins compatible for Editor in 0.43 ms, found 3 plugins.
Preloading 0 native plugins for Editor in 0.00 ms.
Unloading 2235 Unused Serialized files (Serialized files now loaded: 0)
System memory in use before: 102.6 MB.
System memory in use after: 102.7 MB.

Unloading 22 unused Assets to reduce memory usage. Loaded Objects now: 2909.
Total: 2.087700 ms (FindLiveObjects: 0.210700 ms CreateObjectMapping: 0.079500 ms MarkObjects: 1.716200 ms  DeleteObjects: 0.080600 ms)

========================================================================
Received Prepare
Registering precompiled user dll's ...
Registered in 0.001840 seconds.
Begin MonoManager ReloadAssembly
Native extension for WindowsStandalone target not found
Refreshing native plugins compatible for Editor in 0.42 ms, found 3 plugins.
Preloading 0 native plugins for Editor in 0.00 ms.
Mono: successfully reloaded assembly
- Completed reload, in  0.658 seconds
Platform modules already initialized, skipping
Refreshing native plugins compatible for Editor in 0.41 ms, found 3 plugins.
Preloading 0 native plugins for Editor in 0.00 ms.
Unloading 2235 Unused Serialized files (Serialized files now loaded: 0)
System memory in use before: 102.6 MB.
System memory in use after: 102.7 MB.

Unloading 22 unused Assets to reduce memory usage. Loaded Objects now: 2913.
Total: 2.130200 ms (FindLiveObjects: 0.216200 ms CreateObjectMapping: 0.090400 ms MarkObjects: 1.746400 ms  DeleteObjects: 0.076600 ms)

========================================================================
Received Import Request.
  Time since last request: 1831.937749 seconds.
  path: Assets/Prefabs/teleportCheck.prefab
  artifactKey: Guid(d5ed75c2479b89a4fae0c3b15387041b) Importer(815301076,1909f56bfc062723c751e8b465ee728b)
Start importing Assets/Prefabs/teleportCheck.prefab using Guid(d5ed75c2479b89a4fae0c3b15387041b) Importer(815301076,1909f56bfc062723c751e8b465ee728b)  -> (artifact id: '9583c02f54757ff75ac4f1971d986c21') in 0.029215 seconds
  Import took 0.032095 seconds .

========================================================================
Received Import Request.
  Time since last request: 59.245801 seconds.
  path: Assets/Scripts/Prefabs/teleportCheck.cs
  artifactKey: Guid(0d4f1e4f2b246214da4a70952cda5a1b) Importer(815301076,1909f56bfc062723c751e8b465ee728b)
Start importing Assets/Scripts/Prefabs/teleportCheck.cs using Guid(0d4f1e4f2b246214da4a70952cda5a1b) Importer(815301076,1909f56bfc062723c751e8b465ee728b)  -> (artifact id: '1e5f9b2da58f4eba45eba890f8e20261') in 0.001095 seconds
  Import took 0.004001 seconds .

========================================================================
Received Prepare
Registering precompiled user dll's ...
Registered in 0.001981 seconds.
Begin MonoManager ReloadAssembly
Native extension for WindowsStandalone target not found
Refreshing native plugins compatible for Editor in 0.42 ms, found 3 plugins.
Preloading 0 native plugins for Editor in 0.00 ms.
Mono: successfully reloaded assembly
- Completed reload, in  0.681 seconds
Platform modules already initialized, skipping
Refreshing native plugins compatible for Editor in 0.40 ms, found 3 plugins.
Preloading 0 native plugins for Editor in 0.00 ms.
Unloading 2236 Unused Serialized files (Serialized files now loaded: 0)
System memory in use before: 102.7 MB.
System memory in use after: 102.8 MB.

Unloading 22 unused Assets to reduce memory usage. Loaded Objects now: 2918.
Total: 2.192400 ms (FindLiveObjects: 0.185200 ms CreateObjectMapping: 0.072000 ms MarkObjects: 1.849900 ms  DeleteObjects: 0.084300 ms)

========================================================================
Received Prepare
Registering precompiled user dll's ...
Registered in 0.001818 seconds.
Begin MonoManager ReloadAssembly
Native extension for WindowsStandalone target not found
Refreshing native plugins compatible for Editor in 0.41 ms, found 3 plugins.
Preloading 0 native plugins for Editor in 0.00 ms.
Mono: successfully reloaded assembly
- Completed reload, in  0.703 seconds
Platform modules already initialized, skipping
Refreshing native plugins compatible for Editor in 0.41 ms, found 3 plugins.
Preloading 0 native plugins for Editor in 0.00 ms.
Unloading 2236 Unused Serialized files (Serialized files now loaded: 0)
System memory in use before: 102.6 MB.
System memory in use after: 102.7 MB.

Unloading 22 unused Assets to reduce memory usage. Loaded Objects now: 2922.
Total: 2.025000 ms (FindLiveObjects: 0.206100 ms CreateObjectMapping: 0.073400 ms MarkObjects: 1.657800 ms  DeleteObjects: 0.087000 ms)

========================================================================
Received Import Request.
  Time since last request: 126.044344 seconds.
  path: Assets/Scripts/Prefabs/teleportCheck.cs
  artifactKey: Guid(0d4f1e4f2b246214da4a70952cda5a1b) Importer(815301076,1909f56bfc062723c751e8b465ee728b)
Start importing Assets/Scripts/Prefabs/teleportCheck.cs using Guid(0d4f1e4f2b246214da4a70952cda5a1b) Importer(815301076,1909f56bfc062723c751e8b465ee728b)  -> (artifact id: 'bf818b094fb854ad981c5c9126873174') in 0.003405 seconds
  Import took 0.005852 seconds .

========================================================================
Received Prepare
Registering precompiled user dll's ...
Registered in 0.001813 seconds.
Begin MonoManager ReloadAssembly
Native extension for WindowsStandalone target not found
Refreshing native plugins compatible for Editor in 0.41 ms, found 3 plugins.
Preloading 0 native plugins for Editor in 0.00 ms.
Mono: successfully reloaded assembly
- Completed reload, in  0.641 seconds
Platform modules already initialized, skipping
Refreshing native plugins compatible for Editor in 0.42 ms, found 3 plugins.
Preloading 0 native plugins for Editor in 0.00 ms.
Unloading 2236 Unused Serialized files (Serialized files now loaded: 0)
System memory in use before: 102.7 MB.
System memory in use after: 102.7 MB.

Unloading 22 unused Assets to reduce memory usage. Loaded Objects now: 2926.
Total: 1.867800 ms (FindLiveObjects: 0.200200 ms CreateObjectMapping: 0.049400 ms MarkObjects: 1.527100 ms  DeleteObjects: 0.090400 ms)

========================================================================
Received Prepare
Registering precompiled user dll's ...
Registered in 0.001874 seconds.
Begin MonoManager ReloadAssembly
Native extension for WindowsStandalone target not found
Refreshing native plugins compatible for Editor in 0.42 ms, found 3 plugins.
Preloading 0 native plugins for Editor in 0.00 ms.
Mono: successfully reloaded assembly
- Completed reload, in  0.665 seconds
Platform modules already initialized, skipping
Refreshing native plugins compatible for Editor in 0.40 ms, found 3 plugins.
Preloading 0 native plugins for Editor in 0.00 ms.
Unloading 2236 Unused Serialized files (Serialized files now loaded: 0)
System memory in use before: 102.7 MB.
System memory in use after: 102.7 MB.

Unloading 22 unused Assets to reduce memory usage. Loaded Objects now: 2930.
Total: 1.979100 ms (FindLiveObjects: 0.199200 ms CreateObjectMapping: 0.056400 ms MarkObjects: 1.639100 ms  DeleteObjects: 0.083700 ms)

========================================================================
Received Prepare
Registering precompiled user dll's ...
Registered in 0.001834 seconds.
Begin MonoManager ReloadAssembly
Native extension for WindowsStandalone target not found
Refreshing native plugins compatible for Editor in 0.43 ms, found 3 plugins.
Preloading 0 native plugins for Editor in 0.00 ms.
Mono: successfully reloaded assembly
- Completed reload, in  0.657 seconds
Platform modules already initialized, skipping
Refreshing native plugins compatible for Editor in 0.41 ms, found 3 plugins.
Preloading 0 native plugins for Editor in 0.00 ms.
Unloading 2236 Unused Serialized files (Serialized files now loaded: 0)
System memory in use before: 102.7 MB.
System memory in use after: 102.8 MB.

Unloading 22 unused Assets to reduce memory usage. Loaded Objects now: 2934.
Total: 1.814700 ms (FindLiveObjects: 0.189500 ms CreateObjectMapping: 0.047900 ms MarkObjects: 1.495200 ms  DeleteObjects: 0.081400 ms)

========================================================================
Received Import Request.
  Time since last request: 85.393933 seconds.
  path: Assets/Prefabs/teleportCheck.prefab
  artifactKey: Guid(d5ed75c2479b89a4fae0c3b15387041b) Importer(815301076,1909f56bfc062723c751e8b465ee728b)
Start importing Assets/Prefabs/teleportCheck.prefab using Guid(d5ed75c2479b89a4fae0c3b15387041b) Importer(815301076,1909f56bfc062723c751e8b465ee728b)  -> (artifact id: 'c23b33f2353be5a01c9a18f787b7d9b8') in 0.020042 seconds
  Import took 0.023093 seconds .

========================================================================
Received Import Request.
  Time since last request: 0.022301 seconds.
  path: Assets/Prefabs/teleportCheck.prefab
  artifactKey: Guid(d5ed75c2479b89a4fae0c3b15387041b) Importer(815301076,1909f56bfc062723c751e8b465ee728b)
Start importing Assets/Prefabs/teleportCheck.prefab using Guid(d5ed75c2479b89a4fae0c3b15387041b) Importer(815301076,1909f56bfc062723c751e8b465ee728b)  -> (artifact id: 'c23b33f2353be5a01c9a18f787b7d9b8') in 0.002782 seconds
  Import took 0.005481 seconds .

========================================================================
Received Prepare
Registering precompiled user dll's ...
Registered in 0.001910 seconds.
Begin MonoManager ReloadAssembly
Native extension for WindowsStandalone target not found
Refreshing native plugins compatible for Editor in 0.44 ms, found 3 plugins.
Preloading 0 native plugins for Editor in 0.00 ms.
Mono: successfully reloaded assembly
- Completed reload, in  0.717 seconds
Platform modules already initialized, skipping
Refreshing native plugins compatible for Editor in 0.44 ms, found 3 plugins.
Preloading 0 native plugins for Editor in 0.00 ms.
Unloading 2236 Unused Serialized files (Serialized files now loaded: 0)
System memory in use before: 102.7 MB.
System memory in use after: 102.8 MB.

Unloading 22 unused Assets to reduce memory usage. Loaded Objects now: 2938.
Total: 2.611900 ms (FindLiveObjects: 0.240200 ms CreateObjectMapping: 0.058400 ms MarkObjects: 2.189700 ms  DeleteObjects: 0.122900 ms)

AssetImportWorkerClient::OnTransportError - code=2 error=End of file
