Using pre-set license
Built from '2020.3/staging' branch; Version is '2020.3.10f1 (297d780c91bc) revision 2719096'; Using compiler version '192528614'; Build Type 'Release'
OS: 'Windows 10 Home; OS build 19043.1165; Version 2009; 64bit' Language: 'de' Physical Memory: 32714 MB
BatchMode: 1, IsHumanControllingUs: 0, StartBugReporterOnCrash: 0, Is64bit: 1, IsPro: 0

 COMMAND LINE ARGUMENTS:
C:\Program Files\Unity\Hub\Editor\2020.3.10f1\Editor\Unity.exe
-adb2
-batchMode
-noUpm
-name
AssetImportWorker1
-projectPath
F:/TowerDefense
-logFile
Logs/AssetImportWorker1.log
-srvPort
60525
Successfully changed project path to: F:/TowerDefense
F:/TowerDefense
Using Asset Import Pipeline V2.
Refreshing native plugins compatible for Editor in 45.09 ms, found 3 plugins.
Preloading 0 native plugins for Editor in 0.00 ms.
Initialize engine version: 2020.3.10f1 (297d780c91bc)
[Subsystems] Discovering subsystems at path C:/Program Files/Unity/Hub/Editor/2020.3.10f1/Editor/Data/Resources/UnitySubsystems
[Subsystems] Discovering subsystems at path F:/TowerDefense/Assets
GfxDevice: creating device client; threaded=0
Direct3D:
    Version:  Direct3D 11.0 [level 11.1]
    Renderer: NVIDIA GeForce GTX 1060 3GB (ID=0x1c02)
    Vendor:   
    VRAM:     2988 MB
    Driver:   27.21.14.6660
Initialize mono
Mono path[0] = 'C:/Program Files/Unity/Hub/Editor/2020.3.10f1/Editor/Data/Managed'
Mono path[1] = 'C:/Program Files/Unity/Hub/Editor/2020.3.10f1/Editor/Data/MonoBleedingEdge/lib/mono/unityjit'
Mono config path = 'C:/Program Files/Unity/Hub/Editor/2020.3.10f1/Editor/Data/MonoBleedingEdge/etc'
Using monoOptions --debugger-agent=transport=dt_socket,embedding=1,server=y,suspend=n,address=127.0.0.1:56352
Begin MonoManager ReloadAssembly
Registering precompiled unity dll's ...
Register platform support module: C:/Program Files/Unity/Hub/Editor/2020.3.10f1/Editor/Data/PlaybackEngines/WindowsStandaloneSupport/UnityEditor.WindowsStandalone.Extensions.dll
Registered in 0.002579 seconds.
Native extension for WindowsStandalone target not found
Refreshing native plugins compatible for Editor in 37.04 ms, found 3 plugins.
Preloading 0 native plugins for Editor in 0.00 ms.
Mono: successfully reloaded assembly
- Completed reload, in  1.216 seconds
Platform modules already initialized, skipping
Registering precompiled user dll's ...
Registered in 0.003161 seconds.
Begin MonoManager ReloadAssembly
Native extension for WindowsStandalone target not found
Refreshing native plugins compatible for Editor in 29.99 ms, found 3 plugins.
Preloading 0 native plugins for Editor in 0.00 ms.
Mono: successfully reloaded assembly
- Completed reload, in  0.790 seconds
Platform modules already initialized, skipping
========================================================================
Worker process is ready to serve import requests
Launched and connected shader compiler UnityShaderCompiler.exe after 0.04 seconds
Refreshing native plugins compatible for Editor in 0.68 ms, found 3 plugins.
Preloading 0 native plugins for Editor in 0.00 ms.
Unloading 2255 Unused Serialized files (Serialized files now loaded: 0)
System memory in use before: 100.3 MB.
System memory in use after: 100.2 MB.

Unloading 34 unused Assets to reduce memory usage. Loaded Objects now: 2689.
Total: 3.211200 ms (FindLiveObjects: 0.363300 ms CreateObjectMapping: 0.129600 ms MarkObjects: 2.604300 ms  DeleteObjects: 0.112700 ms)

========================================================================
Received Import Request.
  path: Assets/Scripts/DeathUI.cs
  artifactKey: Guid(09f0518680ef0e547bc0a300b7cf10c0) Importer(815301076,1909f56bfc062723c751e8b465ee728b)
Start importing Assets/Scripts/DeathUI.cs using Guid(09f0518680ef0e547bc0a300b7cf10c0) Importer(815301076,1909f56bfc062723c751e8b465ee728b)  -> (artifact id: 'c4e91e256ccce790e4738153bedb8991') in 0.019193 seconds
  Import took 0.024298 seconds .

========================================================================
Received Import Request.
  Time since last request: 6.327308 seconds.
  path: Assets/Scripts/UIDeath.cs
  artifactKey: Guid(09f0518680ef0e547bc0a300b7cf10c0) Importer(815301076,1909f56bfc062723c751e8b465ee728b)
Start importing Assets/Scripts/UIDeath.cs using Guid(09f0518680ef0e547bc0a300b7cf10c0) Importer(815301076,1909f56bfc062723c751e8b465ee728b)  -> (artifact id: '7c92bd69292ed25b5ddff550da4e1d4f') in 0.005201 seconds
  Import took 0.008519 seconds .

========================================================================
Received Prepare
Registering precompiled user dll's ...
Registered in 0.001887 seconds.
Begin MonoManager ReloadAssembly
Native extension for WindowsStandalone target not found
Refreshing native plugins compatible for Editor in 0.62 ms, found 3 plugins.
Preloading 0 native plugins for Editor in 0.00 ms.
Mono: successfully reloaded assembly
- Completed reload, in  0.728 seconds
Platform modules already initialized, skipping
Refreshing native plugins compatible for Editor in 0.41 ms, found 3 plugins.
Preloading 0 native plugins for Editor in 0.00 ms.
Unloading 2235 Unused Serialized files (Serialized files now loaded: 0)
System memory in use before: 98.9 MB.
System memory in use after: 98.9 MB.

Unloading 22 unused Assets to reduce memory usage. Loaded Objects now: 2693.
Total: 1.989100 ms (FindLiveObjects: 0.173600 ms CreateObjectMapping: 0.057800 ms MarkObjects: 1.666400 ms  DeleteObjects: 0.090500 ms)

========================================================================
Received Import Request.
  Time since last request: 272.558894 seconds.
  path: Assets/Scripts/UICrates.cs
  artifactKey: Guid(fe4dc060cebf23d419441080406c001d) Importer(815301076,1909f56bfc062723c751e8b465ee728b)
Start importing Assets/Scripts/UICrates.cs using Guid(fe4dc060cebf23d419441080406c001d) Importer(815301076,1909f56bfc062723c751e8b465ee728b)  -> (artifact id: '592cf56f909e0ab704a3fdd06982063c') in 0.007611 seconds
  Import took 0.018337 seconds .

========================================================================
Received Import Request.
  Time since last request: 4.779291 seconds.
  path: Assets/Scripts/UIHealth.cs
  artifactKey: Guid(8c5cee5fa99527d489d93079b3b352fa) Importer(815301076,1909f56bfc062723c751e8b465ee728b)
Start importing Assets/Scripts/UIHealth.cs using Guid(8c5cee5fa99527d489d93079b3b352fa) Importer(815301076,1909f56bfc062723c751e8b465ee728b)  -> (artifact id: '9426c1a4b51ce307fa039ef6f2a62091') in 0.004992 seconds
  Import took 0.007840 seconds .

========================================================================
Received Prepare
Registering precompiled user dll's ...
Registered in 0.001901 seconds.
Begin MonoManager ReloadAssembly
Native extension for WindowsStandalone target not found
Refreshing native plugins compatible for Editor in 0.54 ms, found 3 plugins.
Preloading 0 native plugins for Editor in 0.00 ms.
Mono: successfully reloaded assembly
- Completed reload, in  0.736 seconds
Platform modules already initialized, skipping
Refreshing native plugins compatible for Editor in 0.43 ms, found 3 plugins.
Preloading 0 native plugins for Editor in 0.00 ms.
Unloading 2235 Unused Serialized files (Serialized files now loaded: 0)
System memory in use before: 99.0 MB.
System memory in use after: 98.9 MB.

Unloading 22 unused Assets to reduce memory usage. Loaded Objects now: 2697.
Total: 2.141700 ms (FindLiveObjects: 0.181100 ms CreateObjectMapping: 0.063200 ms MarkObjects: 1.784200 ms  DeleteObjects: 0.112400 ms)

========================================================================
Received Prepare
Registering precompiled user dll's ...
Registered in 0.001909 seconds.
Begin MonoManager ReloadAssembly
Native extension for WindowsStandalone target not found
Refreshing native plugins compatible for Editor in 0.42 ms, found 3 plugins.
Preloading 0 native plugins for Editor in 0.00 ms.
Mono: successfully reloaded assembly
- Completed reload, in  0.738 seconds
Platform modules already initialized, skipping
Refreshing native plugins compatible for Editor in 0.43 ms, found 3 plugins.
Preloading 0 native plugins for Editor in 0.00 ms.
Unloading 2235 Unused Serialized files (Serialized files now loaded: 0)
System memory in use before: 99.0 MB.
System memory in use after: 99.0 MB.

Unloading 22 unused Assets to reduce memory usage. Loaded Objects now: 2701.
Total: 2.576000 ms (FindLiveObjects: 0.247700 ms CreateObjectMapping: 0.086900 ms MarkObjects: 2.134700 ms  DeleteObjects: 0.106000 ms)

========================================================================
Received Prepare
Registering precompiled user dll's ...
Registered in 0.001920 seconds.
Begin MonoManager ReloadAssembly
Native extension for WindowsStandalone target not found
Refreshing native plugins compatible for Editor in 0.42 ms, found 3 plugins.
Preloading 0 native plugins for Editor in 0.00 ms.
Mono: successfully reloaded assembly
- Completed reload, in  0.708 seconds
Platform modules already initialized, skipping
Refreshing native plugins compatible for Editor in 0.45 ms, found 3 plugins.
Preloading 0 native plugins for Editor in 0.00 ms.
Unloading 2235 Unused Serialized files (Serialized files now loaded: 0)
System memory in use before: 99.1 MB.
System memory in use after: 99.1 MB.

Unloading 22 unused Assets to reduce memory usage. Loaded Objects now: 2705.
Total: 1.959100 ms (FindLiveObjects: 0.183500 ms CreateObjectMapping: 0.059100 ms MarkObjects: 1.629100 ms  DeleteObjects: 0.086500 ms)

========================================================================
Received Import Request.
  Time since last request: 772.479615 seconds.
  path: Assets/Scripts/UI
  artifactKey: Guid(4a3e02a830a50bf40839f1c03543216b) Importer(815301076,1909f56bfc062723c751e8b465ee728b)
Start importing Assets/Scripts/UI using Guid(4a3e02a830a50bf40839f1c03543216b) Importer(815301076,1909f56bfc062723c751e8b465ee728b)  -> (artifact id: 'e401193f9fabe3adc7fa1c867f8c8c51') in 0.004295 seconds
  Import took 0.016208 seconds .

========================================================================
Received Prepare
Registering precompiled user dll's ...
Registered in 0.001808 seconds.
Begin MonoManager ReloadAssembly
Native extension for WindowsStandalone target not found
Refreshing native plugins compatible for Editor in 0.43 ms, found 3 plugins.
Preloading 0 native plugins for Editor in 0.00 ms.
Mono: successfully reloaded assembly
- Completed reload, in  0.732 seconds
Platform modules already initialized, skipping
Refreshing native plugins compatible for Editor in 0.43 ms, found 3 plugins.
Preloading 0 native plugins for Editor in 0.00 ms.
Unloading 2235 Unused Serialized files (Serialized files now loaded: 0)
System memory in use before: 99.0 MB.
System memory in use after: 99.0 MB.

Unloading 22 unused Assets to reduce memory usage. Loaded Objects now: 2709.
Total: 1.815400 ms (FindLiveObjects: 0.179300 ms CreateObjectMapping: 0.042600 ms MarkObjects: 1.498900 ms  DeleteObjects: 0.093900 ms)

========================================================================
Received Import Request.
  Time since last request: 11.694118 seconds.
  path: Assets/Scripts/Bullet.cs
  artifactKey: Guid(53e69de3b0a70684894bf4c552fb214f) Importer(815301076,1909f56bfc062723c751e8b465ee728b)
Start importing Assets/Scripts/Bullet.cs using Guid(53e69de3b0a70684894bf4c552fb214f) Importer(815301076,1909f56bfc062723c751e8b465ee728b)  -> (artifact id: 'e65eae6868a7cc9426f1a16627441734') in 0.003788 seconds
  Import took 0.010216 seconds .

========================================================================
Received Import Request.
  Time since last request: 7.381628 seconds.
  path: Assets/Scripts/Player
  artifactKey: Guid(bd12a2e1714a03840a1c08ae521aa649) Importer(815301076,1909f56bfc062723c751e8b465ee728b)
Start importing Assets/Scripts/Player using Guid(bd12a2e1714a03840a1c08ae521aa649) Importer(815301076,1909f56bfc062723c751e8b465ee728b)  -> (artifact id: 'dbf05e85f0550e01bfc865f58b532003') in 0.004937 seconds
  Import took 0.013484 seconds .

========================================================================
Received Import Request.
  Time since last request: 2.253823 seconds.
  path: Assets/Scripts/TopDownPlayerController.cs
  artifactKey: Guid(430e9f221d3818a4c88d8addb399e5a7) Importer(815301076,1909f56bfc062723c751e8b465ee728b)
Start importing Assets/Scripts/TopDownPlayerController.cs using Guid(430e9f221d3818a4c88d8addb399e5a7) Importer(815301076,1909f56bfc062723c751e8b465ee728b)  -> (artifact id: '321d5fe0d26d44cf57bc48cd5fe977ed') in 0.004434 seconds
  Import took 0.007973 seconds .

========================================================================
Received Prepare
Registering precompiled user dll's ...
Registered in 0.002299 seconds.
Begin MonoManager ReloadAssembly
Native extension for WindowsStandalone target not found
Refreshing native plugins compatible for Editor in 0.42 ms, found 3 plugins.
Preloading 0 native plugins for Editor in 0.00 ms.
Mono: successfully reloaded assembly
- Completed reload, in  0.702 seconds
Platform modules already initialized, skipping
Refreshing native plugins compatible for Editor in 0.46 ms, found 3 plugins.
Preloading 0 native plugins for Editor in 0.00 ms.
Unloading 2235 Unused Serialized files (Serialized files now loaded: 0)
System memory in use before: 99.1 MB.
System memory in use after: 99.2 MB.

Unloading 22 unused Assets to reduce memory usage. Loaded Objects now: 2713.
Total: 2.163700 ms (FindLiveObjects: 0.196100 ms CreateObjectMapping: 0.080600 ms MarkObjects: 1.795500 ms  DeleteObjects: 0.090900 ms)

========================================================================
Received Import Request.
  Time since last request: 21.007329 seconds.
  path: Assets/Scripts/Prefabs
  artifactKey: Guid(7b8ac46f0d9c1d644a8b44084124c1be) Importer(815301076,1909f56bfc062723c751e8b465ee728b)
Start importing Assets/Scripts/Prefabs using Guid(7b8ac46f0d9c1d644a8b44084124c1be) Importer(815301076,1909f56bfc062723c751e8b465ee728b)  -> (artifact id: '1a1c3a6423434d8d931399f07503ca8e') in 0.006990 seconds
  Import took 0.010145 seconds .

========================================================================
Received Import Request.
  Time since last request: 2.977644 seconds.
  path: Assets/Scripts/TreeSpawning.cs
  artifactKey: Guid(e282e3cd62c740d4184e785dfac1f74c) Importer(815301076,1909f56bfc062723c751e8b465ee728b)
Start importing Assets/Scripts/TreeSpawning.cs using Guid(e282e3cd62c740d4184e785dfac1f74c) Importer(815301076,1909f56bfc062723c751e8b465ee728b)  -> (artifact id: 'ee02154102b126d11aa949ddebef7f60') in 0.004359 seconds
  Import took 0.007331 seconds .

========================================================================
Received Prepare
Registering precompiled user dll's ...
Registered in 0.002569 seconds.
Begin MonoManager ReloadAssembly
Native extension for WindowsStandalone target not found
Refreshing native plugins compatible for Editor in 0.42 ms, found 3 plugins.
Preloading 0 native plugins for Editor in 0.00 ms.
Mono: successfully reloaded assembly
- Completed reload, in  0.694 seconds
Platform modules already initialized, skipping
Refreshing native plugins compatible for Editor in 0.42 ms, found 3 plugins.
Preloading 0 native plugins for Editor in 0.00 ms.
Unloading 2235 Unused Serialized files (Serialized files now loaded: 0)
System memory in use before: 99.1 MB.
System memory in use after: 99.2 MB.

Unloading 22 unused Assets to reduce memory usage. Loaded Objects now: 2717.
Total: 2.231800 ms (FindLiveObjects: 0.190400 ms CreateObjectMapping: 0.070200 ms MarkObjects: 1.880100 ms  DeleteObjects: 0.090300 ms)

========================================================================
Received Prepare
Registering precompiled user dll's ...
Registered in 0.002458 seconds.
Begin MonoManager ReloadAssembly
Native extension for WindowsStandalone target not found
Refreshing native plugins compatible for Editor in 0.42 ms, found 3 plugins.
Preloading 0 native plugins for Editor in 0.00 ms.
Mono: successfully reloaded assembly
- Completed reload, in  0.704 seconds
Platform modules already initialized, skipping
Refreshing native plugins compatible for Editor in 0.58 ms, found 3 plugins.
Preloading 0 native plugins for Editor in 0.00 ms.
Unloading 2235 Unused Serialized files (Serialized files now loaded: 0)
System memory in use before: 99.1 MB.
System memory in use after: 99.2 MB.

Unloading 22 unused Assets to reduce memory usage. Loaded Objects now: 2721.
Total: 2.393700 ms (FindLiveObjects: 0.206500 ms CreateObjectMapping: 0.088300 ms MarkObjects: 1.995500 ms  DeleteObjects: 0.102400 ms)

========================================================================
Received Import Request.
  Time since last request: 43.238169 seconds.
  path: Assets/Scripts/Prefabs/EnemyController.cs
  artifactKey: Guid(074dfd1b6a238db459c700d9444ec5a8) Importer(815301076,1909f56bfc062723c751e8b465ee728b)
Start importing Assets/Scripts/Prefabs/EnemyController.cs using Guid(074dfd1b6a238db459c700d9444ec5a8) Importer(815301076,1909f56bfc062723c751e8b465ee728b)  -> (artifact id: 'bc2abe083ad51b50c19daf089717d731') in 0.006802 seconds
  Import took 0.010273 seconds .

========================================================================
Received Import Request.
  Time since last request: 0.000314 seconds.
  path: Assets/Scripts/Prefabs/EnemyController.cs
  artifactKey: Guid(074dfd1b6a238db459c700d9444ec5a8) Importer(815301076,1909f56bfc062723c751e8b465ee728b)
Start importing Assets/Scripts/Prefabs/EnemyController.cs using Guid(074dfd1b6a238db459c700d9444ec5a8) Importer(815301076,1909f56bfc062723c751e8b465ee728b)  -> (artifact id: 'bc2abe083ad51b50c19daf089717d731') in 0.001151 seconds
  Import took 0.003380 seconds .

========================================================================
Received Import Request.
  Time since last request: 39.205727 seconds.
  path: Assets/Prefabs/Bullet.prefab
  artifactKey: Guid(793c4fe51e69e3748938d0313b1b7a2e) Importer(815301076,1909f56bfc062723c751e8b465ee728b)
Start importing Assets/Prefabs/Bullet.prefab using Guid(793c4fe51e69e3748938d0313b1b7a2e) Importer(815301076,1909f56bfc062723c751e8b465ee728b)  -> (artifact id: 'd01c2e773a5202b171c843cb4ce0b84a') in 0.061738 seconds
  Import took 0.065103 seconds .

========================================================================
Received Import Request.
  Time since last request: 2.967792 seconds.
  path: Assets/Prefabs/Bullet.prefab
  artifactKey: Guid(793c4fe51e69e3748938d0313b1b7a2e) Importer(815301076,1909f56bfc062723c751e8b465ee728b)
Start importing Assets/Prefabs/Bullet.prefab using Guid(793c4fe51e69e3748938d0313b1b7a2e) Importer(815301076,1909f56bfc062723c751e8b465ee728b)  -> (artifact id: '28ee0d6b0463957b8c40d86ca2b7a5a4') in 0.008521 seconds
  Import took 0.019544 seconds .

========================================================================
Received Prepare
Registering precompiled user dll's ...
Registered in 0.002098 seconds.
Begin MonoManager ReloadAssembly
Native extension for WindowsStandalone target not found
Refreshing native plugins compatible for Editor in 0.42 ms, found 3 plugins.
Preloading 0 native plugins for Editor in 0.00 ms.
Mono: successfully reloaded assembly
- Completed reload, in  0.705 seconds
Platform modules already initialized, skipping
Refreshing native plugins compatible for Editor in 0.42 ms, found 3 plugins.
Preloading 0 native plugins for Editor in 0.00 ms.
Unloading 2235 Unused Serialized files (Serialized files now loaded: 0)
System memory in use before: 102.2 MB.
System memory in use after: 102.3 MB.

Unloading 22 unused Assets to reduce memory usage. Loaded Objects now: 2732.
Total: 2.003700 ms (FindLiveObjects: 0.199400 ms CreateObjectMapping: 0.061100 ms MarkObjects: 1.654800 ms  DeleteObjects: 0.087600 ms)

========================================================================
Received Prepare
Registering precompiled user dll's ...
Registered in 0.001931 seconds.
Begin MonoManager ReloadAssembly
Native extension for WindowsStandalone target not found
Refreshing native plugins compatible for Editor in 0.42 ms, found 3 plugins.
Preloading 0 native plugins for Editor in 0.00 ms.
Mono: successfully reloaded assembly
- Completed reload, in  0.708 seconds
Platform modules already initialized, skipping
Refreshing native plugins compatible for Editor in 0.44 ms, found 3 plugins.
Preloading 0 native plugins for Editor in 0.00 ms.
Unloading 2235 Unused Serialized files (Serialized files now loaded: 0)
System memory in use before: 102.1 MB.
System memory in use after: 102.2 MB.

Unloading 22 unused Assets to reduce memory usage. Loaded Objects now: 2736.
Total: 2.030300 ms (FindLiveObjects: 0.204400 ms CreateObjectMapping: 0.071300 ms MarkObjects: 1.666100 ms  DeleteObjects: 0.087900 ms)

========================================================================
Received Import Request.
  Time since last request: 55.690294 seconds.
  path: Assets/Prefabs/Enemy.prefab
  artifactKey: Guid(bcf20c0a0c3f10740a8824f62ef20030) Importer(815301076,1909f56bfc062723c751e8b465ee728b)
Start importing Assets/Prefabs/Enemy.prefab using Guid(bcf20c0a0c3f10740a8824f62ef20030) Importer(815301076,1909f56bfc062723c751e8b465ee728b)  -> (artifact id: '44acae4953c2737d3bd1165bcb0c4167') in 0.040864 seconds
  Import took 0.044087 seconds .

========================================================================
Received Import Request.
  Time since last request: 2.154787 seconds.
  path: Assets/Prefabs/Enemy.prefab
  artifactKey: Guid(bcf20c0a0c3f10740a8824f62ef20030) Importer(815301076,1909f56bfc062723c751e8b465ee728b)
Start importing Assets/Prefabs/Enemy.prefab using Guid(bcf20c0a0c3f10740a8824f62ef20030) Importer(815301076,1909f56bfc062723c751e8b465ee728b)  -> (artifact id: '405d235353411ee1fd025e2a86a8333f') in 0.006054 seconds
  Import took 0.009189 seconds .

========================================================================
Received Prepare
Registering precompiled user dll's ...
Registered in 0.002142 seconds.
Begin MonoManager ReloadAssembly
Native extension for WindowsStandalone target not found
Refreshing native plugins compatible for Editor in 0.42 ms, found 3 plugins.
Preloading 0 native plugins for Editor in 0.00 ms.
Mono: successfully reloaded assembly
- Completed reload, in  0.679 seconds
Platform modules already initialized, skipping
Refreshing native plugins compatible for Editor in 0.68 ms, found 3 plugins.
Preloading 0 native plugins for Editor in 0.00 ms.
Unloading 2235 Unused Serialized files (Serialized files now loaded: 0)
System memory in use before: 102.2 MB.
System memory in use after: 102.3 MB.

Unloading 22 unused Assets to reduce memory usage. Loaded Objects now: 2741.
Total: 1.938200 ms (FindLiveObjects: 0.241000 ms CreateObjectMapping: 0.078200 ms MarkObjects: 1.529600 ms  DeleteObjects: 0.088400 ms)

========================================================================
Received Import Request.
  Time since last request: 65.330125 seconds.
  path: Assets/Scripts/UI/UIDeath.cs
  artifactKey: Guid(09f0518680ef0e547bc0a300b7cf10c0) Importer(815301076,1909f56bfc062723c751e8b465ee728b)
Start importing Assets/Scripts/UI/UIDeath.cs using Guid(09f0518680ef0e547bc0a300b7cf10c0) Importer(815301076,1909f56bfc062723c751e8b465ee728b)  -> (artifact id: 'ea7c9b0b0ddf5e5cdfe598f265143c7d') in 0.003983 seconds
  Import took 0.006953 seconds .

========================================================================
Received Prepare
Registering precompiled user dll's ...
Registered in 0.002009 seconds.
Begin MonoManager ReloadAssembly
Native extension for WindowsStandalone target not found
Refreshing native plugins compatible for Editor in 0.42 ms, found 3 plugins.
Preloading 0 native plugins for Editor in 0.00 ms.
Mono: successfully reloaded assembly
- Completed reload, in  0.722 seconds
Platform modules already initialized, skipping
Refreshing native plugins compatible for Editor in 0.43 ms, found 3 plugins.
Preloading 0 native plugins for Editor in 0.00 ms.
Unloading 2235 Unused Serialized files (Serialized files now loaded: 0)
System memory in use before: 102.2 MB.
System memory in use after: 102.3 MB.

Unloading 22 unused Assets to reduce memory usage. Loaded Objects now: 2745.
Total: 2.058400 ms (FindLiveObjects: 0.204700 ms CreateObjectMapping: 0.071700 ms MarkObjects: 1.688900 ms  DeleteObjects: 0.092500 ms)

========================================================================
Received Prepare
Registering precompiled user dll's ...
Registered in 0.001879 seconds.
Begin MonoManager ReloadAssembly
Native extension for WindowsStandalone target not found
Refreshing native plugins compatible for Editor in 0.42 ms, found 3 plugins.
Preloading 0 native plugins for Editor in 0.00 ms.
Mono: successfully reloaded assembly
- Completed reload, in  0.689 seconds
Platform modules already initialized, skipping
Refreshing native plugins compatible for Editor in 0.43 ms, found 3 plugins.
Preloading 0 native plugins for Editor in 0.00 ms.
Unloading 2235 Unused Serialized files (Serialized files now loaded: 0)
System memory in use before: 102.2 MB.
System memory in use after: 102.3 MB.

Unloading 22 unused Assets to reduce memory usage. Loaded Objects now: 2749.
Total: 2.164600 ms (FindLiveObjects: 0.314300 ms CreateObjectMapping: 0.119500 ms MarkObjects: 1.639500 ms  DeleteObjects: 0.090400 ms)

========================================================================
Received Prepare
Registering precompiled user dll's ...
Registered in 0.002128 seconds.
Begin MonoManager ReloadAssembly
Native extension for WindowsStandalone target not found
Refreshing native plugins compatible for Editor in 0.42 ms, found 3 plugins.
Preloading 0 native plugins for Editor in 0.00 ms.
Mono: successfully reloaded assembly
- Completed reload, in  0.722 seconds
Platform modules already initialized, skipping
Refreshing native plugins compatible for Editor in 0.44 ms, found 3 plugins.
Preloading 0 native plugins for Editor in 0.00 ms.
Unloading 2234 Unused Serialized files (Serialized files now loaded: 0)
System memory in use before: 102.2 MB.
System memory in use after: 102.3 MB.

Unloading 23 unused Assets to reduce memory usage. Loaded Objects now: 2752.
Total: 2.201700 ms (FindLiveObjects: 0.200000 ms CreateObjectMapping: 0.076500 ms MarkObjects: 1.838500 ms  DeleteObjects: 0.086000 ms)

========================================================================
Received Prepare
Registering precompiled user dll's ...
Registered in 0.001953 seconds.
Begin MonoManager ReloadAssembly
Native extension for WindowsStandalone target not found
Refreshing native plugins compatible for Editor in 0.42 ms, found 3 plugins.
Preloading 0 native plugins for Editor in 0.00 ms.
Mono: successfully reloaded assembly
- Completed reload, in  0.706 seconds
Platform modules already initialized, skipping
Refreshing native plugins compatible for Editor in 0.44 ms, found 3 plugins.
Preloading 0 native plugins for Editor in 0.00 ms.
Unloading 2234 Unused Serialized files (Serialized files now loaded: 0)
System memory in use before: 102.1 MB.
System memory in use after: 102.2 MB.

Unloading 22 unused Assets to reduce memory usage. Loaded Objects now: 2756.
Total: 2.043500 ms (FindLiveObjects: 0.206600 ms CreateObjectMapping: 0.069700 ms MarkObjects: 1.677600 ms  DeleteObjects: 0.088900 ms)

========================================================================
Received Prepare
Registering precompiled user dll's ...
Registered in 0.001948 seconds.
Begin MonoManager ReloadAssembly
Native extension for WindowsStandalone target not found
Refreshing native plugins compatible for Editor in 0.45 ms, found 3 plugins.
Preloading 0 native plugins for Editor in 0.00 ms.
Mono: successfully reloaded assembly
- Completed reload, in  0.717 seconds
Platform modules already initialized, skipping
Refreshing native plugins compatible for Editor in 0.43 ms, found 3 plugins.
Preloading 0 native plugins for Editor in 0.00 ms.
Unloading 2234 Unused Serialized files (Serialized files now loaded: 0)
System memory in use before: 102.3 MB.
System memory in use after: 102.3 MB.

Unloading 22 unused Assets to reduce memory usage. Loaded Objects now: 2760.
Total: 2.226800 ms (FindLiveObjects: 0.228700 ms CreateObjectMapping: 0.105600 ms MarkObjects: 1.798800 ms  DeleteObjects: 0.093000 ms)

========================================================================
Received Import Request.
  Time since last request: 301.693415 seconds.
  path: Assets/Prefabs/Enemy.prefab
  artifactKey: Guid(bcf20c0a0c3f10740a8824f62ef20030) Importer(815301076,1909f56bfc062723c751e8b465ee728b)
Start importing Assets/Prefabs/Enemy.prefab using Guid(bcf20c0a0c3f10740a8824f62ef20030) Importer(815301076,1909f56bfc062723c751e8b465ee728b)  -> (artifact id: '4d630bedd359137279664330ca1ab55a') in 0.043470 seconds
  Import took 0.046434 seconds .

========================================================================
Received Prepare
Registering precompiled user dll's ...
Registered in 0.003334 seconds.
Begin MonoManager ReloadAssembly
Native extension for WindowsStandalone target not found
Refreshing native plugins compatible for Editor in 0.42 ms, found 3 plugins.
Preloading 0 native plugins for Editor in 0.00 ms.
Mono: successfully reloaded assembly
- Completed reload, in  0.702 seconds
Platform modules already initialized, skipping
Refreshing native plugins compatible for Editor in 0.44 ms, found 3 plugins.
Preloading 0 native plugins for Editor in 0.00 ms.
Unloading 2234 Unused Serialized files (Serialized files now loaded: 0)
System memory in use before: 102.3 MB.
System memory in use after: 102.4 MB.

Unloading 22 unused Assets to reduce memory usage. Loaded Objects now: 2765.
Total: 2.090300 ms (FindLiveObjects: 0.181500 ms CreateObjectMapping: 0.061200 ms MarkObjects: 1.762300 ms  DeleteObjects: 0.084700 ms)

========================================================================
Received Import Request.
  Time since last request: 39.967054 seconds.
  path: Assets/Prefabs/Enemy.prefab
  artifactKey: Guid(bcf20c0a0c3f10740a8824f62ef20030) Importer(815301076,1909f56bfc062723c751e8b465ee728b)
Start importing Assets/Prefabs/Enemy.prefab using Guid(bcf20c0a0c3f10740a8824f62ef20030) Importer(815301076,1909f56bfc062723c751e8b465ee728b)  -> (artifact id: 'af5d0c2990d9bdbcf38813e40af479d2') in 0.037727 seconds
  Import took 0.041173 seconds .

========================================================================
Received Import Request.
  Time since last request: 0.037170 seconds.
  path: Assets/Prefabs/Enemy.prefab
  artifactKey: Guid(bcf20c0a0c3f10740a8824f62ef20030) Importer(815301076,1909f56bfc062723c751e8b465ee728b)
Start importing Assets/Prefabs/Enemy.prefab using Guid(bcf20c0a0c3f10740a8824f62ef20030) Importer(815301076,1909f56bfc062723c751e8b465ee728b)  -> (artifact id: 'af5d0c2990d9bdbcf38813e40af479d2') in 0.005693 seconds
  Import took 0.009017 seconds .

========================================================================
Received Prepare
Registering precompiled user dll's ...
Registered in 0.001961 seconds.
Begin MonoManager ReloadAssembly
Native extension for WindowsStandalone target not found
Refreshing native plugins compatible for Editor in 0.48 ms, found 3 plugins.
Preloading 0 native plugins for Editor in 0.00 ms.
Mono: successfully reloaded assembly
- Completed reload, in  0.793 seconds
Platform modules already initialized, skipping
Refreshing native plugins compatible for Editor in 0.42 ms, found 3 plugins.
Preloading 0 native plugins for Editor in 0.00 ms.
Unloading 2234 Unused Serialized files (Serialized files now loaded: 0)
System memory in use before: 102.3 MB.
System memory in use after: 102.4 MB.

Unloading 22 unused Assets to reduce memory usage. Loaded Objects now: 2770.
Total: 2.195600 ms (FindLiveObjects: 0.198600 ms CreateObjectMapping: 0.066000 ms MarkObjects: 1.840200 ms  DeleteObjects: 0.090200 ms)

========================================================================
Received Import Request.
  Time since last request: 12.642687 seconds.
  path: Assets/Prefabs/Enemy.prefab
  artifactKey: Guid(bcf20c0a0c3f10740a8824f62ef20030) Importer(815301076,1909f56bfc062723c751e8b465ee728b)
Start importing Assets/Prefabs/Enemy.prefab using Guid(bcf20c0a0c3f10740a8824f62ef20030) Importer(815301076,1909f56bfc062723c751e8b465ee728b)  -> (artifact id: '5a0b38a7fa3d4a2ef8230c6ae222f33e') in 0.038730 seconds
  Import took 0.049371 seconds .

========================================================================
Received Import Request.
  Time since last request: 11.621451 seconds.
  path: Assets/Prefabs/Enemy.prefab
  artifactKey: Guid(bcf20c0a0c3f10740a8824f62ef20030) Importer(815301076,1909f56bfc062723c751e8b465ee728b)
Start importing Assets/Prefabs/Enemy.prefab using Guid(bcf20c0a0c3f10740a8824f62ef20030) Importer(815301076,1909f56bfc062723c751e8b465ee728b)  -> (artifact id: 'c35d7e498692d5abb64b5af6a69d2b04') in 0.004993 seconds
  Import took 0.008297 seconds .

========================================================================
Received Prepare
Registering precompiled user dll's ...
Registered in 0.001868 seconds.
Begin MonoManager ReloadAssembly
Native extension for WindowsStandalone target not found
Refreshing native plugins compatible for Editor in 0.43 ms, found 3 plugins.
Preloading 0 native plugins for Editor in 0.00 ms.
Mono: successfully reloaded assembly
- Completed reload, in  0.720 seconds
Platform modules already initialized, skipping
Refreshing native plugins compatible for Editor in 0.41 ms, found 3 plugins.
Preloading 0 native plugins for Editor in 0.00 ms.
Unloading 2234 Unused Serialized files (Serialized files now loaded: 0)
System memory in use before: 102.3 MB.
System memory in use after: 102.4 MB.

Unloading 22 unused Assets to reduce memory usage. Loaded Objects now: 2775.
Total: 2.477900 ms (FindLiveObjects: 0.390600 ms CreateObjectMapping: 0.124200 ms MarkObjects: 1.856900 ms  DeleteObjects: 0.105400 ms)

========================================================================
Received Import Request.
  Time since last request: 82.352904 seconds.
  path: Assets/Prefabs/Enemy.prefab
  artifactKey: Guid(bcf20c0a0c3f10740a8824f62ef20030) Importer(815301076,1909f56bfc062723c751e8b465ee728b)
Start importing Assets/Prefabs/Enemy.prefab using Guid(bcf20c0a0c3f10740a8824f62ef20030) Importer(815301076,1909f56bfc062723c751e8b465ee728b)  -> (artifact id: 'cb25d987a75d621eb989ebb0020aba9c') in 0.037251 seconds
  Import took 0.040139 seconds .

========================================================================
Received Prepare
Registering precompiled user dll's ...
Registered in 0.001897 seconds.
Begin MonoManager ReloadAssembly
Native extension for WindowsStandalone target not found
Refreshing native plugins compatible for Editor in 0.41 ms, found 3 plugins.
Preloading 0 native plugins for Editor in 0.00 ms.
Mono: successfully reloaded assembly
- Completed reload, in  0.690 seconds
Platform modules already initialized, skipping
Refreshing native plugins compatible for Editor in 0.40 ms, found 3 plugins.
Preloading 0 native plugins for Editor in 0.00 ms.
Unloading 2234 Unused Serialized files (Serialized files now loaded: 0)
System memory in use before: 102.2 MB.
System memory in use after: 102.3 MB.

Unloading 22 unused Assets to reduce memory usage. Loaded Objects now: 2780.
Total: 2.180700 ms (FindLiveObjects: 0.198800 ms CreateObjectMapping: 0.068500 ms MarkObjects: 1.823200 ms  DeleteObjects: 0.089600 ms)

========================================================================
Received Prepare
Registering precompiled user dll's ...
Registered in 0.002012 seconds.
Begin MonoManager ReloadAssembly
Native extension for WindowsStandalone target not found
Refreshing native plugins compatible for Editor in 0.40 ms, found 3 plugins.
Preloading 0 native plugins for Editor in 0.00 ms.
Mono: successfully reloaded assembly
- Completed reload, in  0.734 seconds
Platform modules already initialized, skipping
Refreshing native plugins compatible for Editor in 0.44 ms, found 3 plugins.
Preloading 0 native plugins for Editor in 0.00 ms.
Unloading 2234 Unused Serialized files (Serialized files now loaded: 0)
System memory in use before: 102.3 MB.
System memory in use after: 102.4 MB.

Unloading 22 unused Assets to reduce memory usage. Loaded Objects now: 2784.
Total: 2.069200 ms (FindLiveObjects: 0.203900 ms CreateObjectMapping: 0.069700 ms MarkObjects: 1.703600 ms  DeleteObjects: 0.091400 ms)

========================================================================
Received Prepare
Registering precompiled user dll's ...
Registered in 0.002646 seconds.
Begin MonoManager ReloadAssembly
Native extension for WindowsStandalone target not found
Refreshing native plugins compatible for Editor in 0.45 ms, found 3 plugins.
Preloading 0 native plugins for Editor in 0.00 ms.
Mono: successfully reloaded assembly
- Completed reload, in  0.721 seconds
Platform modules already initialized, skipping
Refreshing native plugins compatible for Editor in 0.41 ms, found 3 plugins.
Preloading 0 native plugins for Editor in 0.00 ms.
Unloading 2234 Unused Serialized files (Serialized files now loaded: 0)
System memory in use before: 102.3 MB.
System memory in use after: 102.4 MB.

Unloading 22 unused Assets to reduce memory usage. Loaded Objects now: 2788.
Total: 2.580700 ms (FindLiveObjects: 0.356000 ms CreateObjectMapping: 0.127200 ms MarkObjects: 1.987500 ms  DeleteObjects: 0.109000 ms)

========================================================================
Received Prepare
Registering precompiled user dll's ...
Registered in 0.001916 seconds.
Begin MonoManager ReloadAssembly
Native extension for WindowsStandalone target not found
Refreshing native plugins compatible for Editor in 0.44 ms, found 3 plugins.
Preloading 0 native plugins for Editor in 0.00 ms.
Mono: successfully reloaded assembly
- Completed reload, in  0.688 seconds
Platform modules already initialized, skipping
Refreshing native plugins compatible for Editor in 0.61 ms, found 3 plugins.
Preloading 0 native plugins for Editor in 0.00 ms.
Unloading 2234 Unused Serialized files (Serialized files now loaded: 0)
System memory in use before: 102.4 MB.
System memory in use after: 102.4 MB.

Unloading 22 unused Assets to reduce memory usage. Loaded Objects now: 2792.
Total: 1.868800 ms (FindLiveObjects: 0.182400 ms CreateObjectMapping: 0.047900 ms MarkObjects: 1.546400 ms  DeleteObjects: 0.091500 ms)

========================================================================
Received Prepare
Registering precompiled user dll's ...
Registered in 0.001890 seconds.
Begin MonoManager ReloadAssembly
Native extension for WindowsStandalone target not found
Refreshing native plugins compatible for Editor in 0.42 ms, found 3 plugins.
Preloading 0 native plugins for Editor in 0.00 ms.
Mono: successfully reloaded assembly
- Completed reload, in  0.701 seconds
Platform modules already initialized, skipping
Refreshing native plugins compatible for Editor in 0.46 ms, found 3 plugins.
Preloading 0 native plugins for Editor in 0.00 ms.
Unloading 2234 Unused Serialized files (Serialized files now loaded: 0)
System memory in use before: 102.4 MB.
System memory in use after: 102.4 MB.

Unloading 22 unused Assets to reduce memory usage. Loaded Objects now: 2796.
Total: 2.126600 ms (FindLiveObjects: 0.217700 ms CreateObjectMapping: 0.083200 ms MarkObjects: 1.733100 ms  DeleteObjects: 0.092100 ms)

========================================================================
Received Prepare
Registering precompiled user dll's ...
Registered in 0.002105 seconds.
Begin MonoManager ReloadAssembly
Native extension for WindowsStandalone target not found
Refreshing native plugins compatible for Editor in 0.43 ms, found 3 plugins.
Preloading 0 native plugins for Editor in 0.00 ms.
Mono: successfully reloaded assembly
- Completed reload, in  0.725 seconds
Platform modules already initialized, skipping
Refreshing native plugins compatible for Editor in 0.45 ms, found 3 plugins.
Preloading 0 native plugins for Editor in 0.00 ms.
Unloading 2234 Unused Serialized files (Serialized files now loaded: 0)
System memory in use before: 102.3 MB.
System memory in use after: 102.4 MB.

Unloading 22 unused Assets to reduce memory usage. Loaded Objects now: 2800.
Total: 2.440100 ms (FindLiveObjects: 0.218500 ms CreateObjectMapping: 0.081700 ms MarkObjects: 2.012700 ms  DeleteObjects: 0.126400 ms)

========================================================================
Received Prepare
Registering precompiled user dll's ...
Registered in 0.001969 seconds.
Begin MonoManager ReloadAssembly
Native extension for WindowsStandalone target not found
Refreshing native plugins compatible for Editor in 0.42 ms, found 3 plugins.
Preloading 0 native plugins for Editor in 0.00 ms.
Mono: successfully reloaded assembly
- Completed reload, in  0.675 seconds
Platform modules already initialized, skipping
Refreshing native plugins compatible for Editor in 0.45 ms, found 3 plugins.
Preloading 0 native plugins for Editor in 0.00 ms.
Unloading 2234 Unused Serialized files (Serialized files now loaded: 0)
System memory in use before: 102.4 MB.
System memory in use after: 102.5 MB.

Unloading 22 unused Assets to reduce memory usage. Loaded Objects now: 2804.
Total: 2.136300 ms (FindLiveObjects: 0.197700 ms CreateObjectMapping: 0.064600 ms MarkObjects: 1.751800 ms  DeleteObjects: 0.121500 ms)

========================================================================
Received Prepare
Refreshing native plugins compatible for Editor in 2.65 ms, found 3 plugins.
Preloading 0 native plugins for Editor in 0.00 ms.
Unloading 19 Unused Serialized files (Serialized files now loaded: 0)
System memory in use before: 58.5 MB.
System memory in use after: 58.6 MB.

Unloading 19 unused Assets to reduce memory usage. Loaded Objects now: 2804.
Total: 2.103100 ms (FindLiveObjects: 0.201400 ms CreateObjectMapping: 0.046900 ms MarkObjects: 1.755900 ms  DeleteObjects: 0.098000 ms)

========================================================================
Received Import Request.
  Time since last request: 684.877215 seconds.
  path: Assets/Scenes/Test.unity
  artifactKey: Guid(5b677fb45bb500a46ab26de59b95dd88) Importer(815301076,1909f56bfc062723c751e8b465ee728b)
Start importing Assets/Scenes/Test.unity using Guid(5b677fb45bb500a46ab26de59b95dd88) Importer(815301076,1909f56bfc062723c751e8b465ee728b)  -> (artifact id: '14096506e45abc488e6c703c179fc0e9') in 0.015195 seconds
  Import took 0.018055 seconds .

========================================================================
Received Prepare
Registering precompiled user dll's ...
Registered in 0.002273 seconds.
Begin MonoManager ReloadAssembly
Native extension for WindowsStandalone target not found
Refreshing native plugins compatible for Editor in 0.43 ms, found 3 plugins.
Preloading 0 native plugins for Editor in 0.00 ms.
Mono: successfully reloaded assembly
- Completed reload, in  0.692 seconds
Platform modules already initialized, skipping
Refreshing native plugins compatible for Editor in 0.47 ms, found 3 plugins.
Preloading 0 native plugins for Editor in 0.00 ms.
Unloading 2234 Unused Serialized files (Serialized files now loaded: 0)
System memory in use before: 102.4 MB.
System memory in use after: 102.5 MB.

Unloading 22 unused Assets to reduce memory usage. Loaded Objects now: 2808.
Total: 2.600300 ms (FindLiveObjects: 0.330200 ms CreateObjectMapping: 0.129000 ms MarkObjects: 2.043700 ms  DeleteObjects: 0.096300 ms)

========================================================================
Received Import Request.
  Time since last request: 453.162560 seconds.
  path: Assets/Scenes/SampleScene.unity
  artifactKey: Guid(2cda990e2423bbf4892e6590ba056729) Importer(815301076,1909f56bfc062723c751e8b465ee728b)
Start importing Assets/Scenes/SampleScene.unity using Guid(2cda990e2423bbf4892e6590ba056729) Importer(815301076,1909f56bfc062723c751e8b465ee728b)  -> (artifact id: 'e3eea9ea7cbb2b2904979bc7c1b45dc9') in 0.012699 seconds
  Import took 0.016223 seconds .

========================================================================
Received Prepare
Registering precompiled user dll's ...
Registered in 0.001866 seconds.
Begin MonoManager ReloadAssembly
Native extension for WindowsStandalone target not found
Refreshing native plugins compatible for Editor in 0.49 ms, found 3 plugins.
Preloading 0 native plugins for Editor in 0.00 ms.
Mono: successfully reloaded assembly
- Completed reload, in  0.928 seconds
Platform modules already initialized, skipping
Refreshing native plugins compatible for Editor in 0.83 ms, found 3 plugins.
Preloading 0 native plugins for Editor in 0.00 ms.
Unloading 2234 Unused Serialized files (Serialized files now loaded: 0)
System memory in use before: 102.4 MB.
System memory in use after: 102.5 MB.

Unloading 22 unused Assets to reduce memory usage. Loaded Objects now: 2812.
Total: 5.931600 ms (FindLiveObjects: 2.393900 ms CreateObjectMapping: 0.164000 ms MarkObjects: 3.227900 ms  DeleteObjects: 0.144700 ms)

========================================================================
Received Prepare
Refreshing native plugins compatible for Editor in 2.47 ms, found 3 plugins.
Preloading 0 native plugins for Editor in 0.00 ms.
Unloading 19 Unused Serialized files (Serialized files now loaded: 0)
System memory in use before: 58.6 MB.
System memory in use after: 58.7 MB.

Unloading 19 unused Assets to reduce memory usage. Loaded Objects now: 2812.
Total: 2.157700 ms (FindLiveObjects: 0.201100 ms CreateObjectMapping: 0.081400 ms MarkObjects: 1.788000 ms  DeleteObjects: 0.086300 ms)

AssetImportWorkerClient::OnTransportError - code=2 error=End of file
