Using pre-set license
Built from '2020.3/staging' branch; Version is '2020.3.10f1 (297d780c91bc) revision 2719096'; Using compiler version '192528614'; Build Type 'Release'
OS: 'Windows 10 Home; OS build 19043.1165; Version 2009; 64bit' Language: 'de' Physical Memory: 32714 MB
BatchMode: 1, IsHumanControllingUs: 0, StartBugReporterOnCrash: 0, Is64bit: 1, IsPro: 0

 COMMAND LINE ARGUMENTS:
C:\Program Files\Unity\Hub\Editor\2020.3.10f1\Editor\Unity.exe
-adb2
-batchMode
-noUpm
-name
AssetImportWorker0
-projectPath
F:/TowerDefense
-logFile
Logs/AssetImportWorker0.log
-srvPort
64475
Successfully changed project path to: F:/TowerDefense
F:/TowerDefense
Using Asset Import Pipeline V2.
Refreshing native plugins compatible for Editor in 29.45 ms, found 3 plugins.
Preloading 0 native plugins for Editor in 0.00 ms.
Initialize engine version: 2020.3.10f1 (297d780c91bc)
[Subsystems] Discovering subsystems at path C:/Program Files/Unity/Hub/Editor/2020.3.10f1/Editor/Data/Resources/UnitySubsystems
[Subsystems] Discovering subsystems at path F:/TowerDefense/Assets
GfxDevice: creating device client; threaded=0
Direct3D:
    Version:  Direct3D 11.0 [level 11.1]
    Renderer: NVIDIA GeForce GTX 1060 3GB (ID=0x1c02)
    Vendor:   
    VRAM:     2988 MB
    Driver:   27.21.14.6660
Initialize mono
Mono path[0] = 'C:/Program Files/Unity/Hub/Editor/2020.3.10f1/Editor/Data/Managed'
Mono path[1] = 'C:/Program Files/Unity/Hub/Editor/2020.3.10f1/Editor/Data/MonoBleedingEdge/lib/mono/unityjit'
Mono config path = 'C:/Program Files/Unity/Hub/Editor/2020.3.10f1/Editor/Data/MonoBleedingEdge/etc'
Using monoOptions --debugger-agent=transport=dt_socket,embedding=1,server=y,suspend=n,address=127.0.0.1:56252
Begin MonoManager ReloadAssembly
Registering precompiled unity dll's ...
Register platform support module: C:/Program Files/Unity/Hub/Editor/2020.3.10f1/Editor/Data/PlaybackEngines/WindowsStandaloneSupport/UnityEditor.WindowsStandalone.Extensions.dll
Registered in 0.001515 seconds.
Native extension for WindowsStandalone target not found
Refreshing native plugins compatible for Editor in 31.16 ms, found 3 plugins.
Preloading 0 native plugins for Editor in 0.00 ms.
Mono: successfully reloaded assembly
- Completed reload, in  0.840 seconds
Platform modules already initialized, skipping
Registering precompiled user dll's ...
Registered in 0.001961 seconds.
Begin MonoManager ReloadAssembly
Native extension for WindowsStandalone target not found
Refreshing native plugins compatible for Editor in 28.51 ms, found 3 plugins.
Preloading 0 native plugins for Editor in 0.00 ms.
Mono: successfully reloaded assembly
- Completed reload, in  0.785 seconds
Platform modules already initialized, skipping
========================================================================
Worker process is ready to serve import requests
Launched and connected shader compiler UnityShaderCompiler.exe after 0.04 seconds
Refreshing native plugins compatible for Editor in 0.40 ms, found 3 plugins.
Preloading 0 native plugins for Editor in 0.00 ms.
Unloading 2235 Unused Serialized files (Serialized files now loaded: 0)
System memory in use before: 97.9 MB.
System memory in use after: 97.8 MB.

Unloading 34 unused Assets to reduce memory usage. Loaded Objects now: 2669.
Total: 2.124500 ms (FindLiveObjects: 0.198000 ms CreateObjectMapping: 0.062700 ms MarkObjects: 1.756200 ms  DeleteObjects: 0.106900 ms)

========================================================================
Received Import Request.
  path: Assets/Scripts/TopDownPlayerController.cs
  artifactKey: Guid(430e9f221d3818a4c88d8addb399e5a7) Importer(815301076,1909f56bfc062723c751e8b465ee728b)
Start importing Assets/Scripts/TopDownPlayerController.cs using Guid(430e9f221d3818a4c88d8addb399e5a7) Importer(815301076,1909f56bfc062723c751e8b465ee728b)  -> (artifact id: '9f7b07e7ac23439c12fee88c1f19a6f3') in 0.028096 seconds
  Import took 0.043079 seconds .

========================================================================
Received Import Request.
  Time since last request: 36.391493 seconds.
  path: Assets/Scripts/TopDownPlayerController.cs
  artifactKey: Guid(430e9f221d3818a4c88d8addb399e5a7) Importer(815301076,1909f56bfc062723c751e8b465ee728b)
Start importing Assets/Scripts/TopDownPlayerController.cs using Guid(430e9f221d3818a4c88d8addb399e5a7) Importer(815301076,1909f56bfc062723c751e8b465ee728b)  -> (artifact id: 'c8eee9a40352d5bf4127aa09f9b2b5b7') in 0.001196 seconds
  Import took 0.013456 seconds .

========================================================================
Received Import Request.
  Time since last request: 13.431608 seconds.
  path: Assets/Scripts/TopDownPlayerController.cs
  artifactKey: Guid(430e9f221d3818a4c88d8addb399e5a7) Importer(815301076,1909f56bfc062723c751e8b465ee728b)
Start importing Assets/Scripts/TopDownPlayerController.cs using Guid(430e9f221d3818a4c88d8addb399e5a7) Importer(815301076,1909f56bfc062723c751e8b465ee728b)  -> (artifact id: 'df98e0087d6fe66ae1d704b25b16c6bc') in 0.001211 seconds
  Import took 0.010146 seconds .

========================================================================
Received Prepare
Registering precompiled user dll's ...
Registered in 0.001778 seconds.
Begin MonoManager ReloadAssembly
Native extension for WindowsStandalone target not found
Refreshing native plugins compatible for Editor in 0.41 ms, found 3 plugins.
Preloading 0 native plugins for Editor in 0.00 ms.
Mono: successfully reloaded assembly
- Completed reload, in  0.693 seconds
Platform modules already initialized, skipping
Refreshing native plugins compatible for Editor in 0.41 ms, found 3 plugins.
Preloading 0 native plugins for Editor in 0.00 ms.
Unloading 2228 Unused Serialized files (Serialized files now loaded: 0)
System memory in use before: 97.8 MB.
System memory in use after: 97.8 MB.

Unloading 22 unused Assets to reduce memory usage. Loaded Objects now: 2673.
Total: 1.879600 ms (FindLiveObjects: 0.176000 ms CreateObjectMapping: 0.055200 ms MarkObjects: 1.568700 ms  DeleteObjects: 0.078800 ms)

AssetImportWorkerClient::OnTransportError - code=2 error=End of file
